mode: atomic
github.com/f4ah6o/direct-go-sdk/direct-go/examples/simple/main.go:14.13,17.39 2 0
github.com/f4ah6o/direct-go-sdk/direct-go/examples/simple/main.go:17.39,19.3 1 0
github.com/f4ah6o/direct-go-sdk/direct-go/examples/simple/main.go:22.2,23.17 2 0
github.com/f4ah6o/direct-go-sdk/direct-go/examples/simple/main.go:23.17,25.3 1 0
github.com/f4ah6o/direct-go-sdk/direct-go/examples/simple/main.go:28.2,33.63 2 0
github.com/f4ah6o/direct-go-sdk/direct-go/examples/simple/main.go:33.63,35.3 1 0
github.com/f4ah6o/direct-go-sdk/direct-go/examples/simple/main.go:37.2,37.62 1 0
github.com/f4ah6o/direct-go-sdk/direct-go/examples/simple/main.go:37.62,39.3 1 0
github.com/f4ah6o/direct-go-sdk/direct-go/examples/simple/main.go:41.2,41.54 1 0
github.com/f4ah6o/direct-go-sdk/direct-go/examples/simple/main.go:41.54,43.3 1 0
github.com/f4ah6o/direct-go-sdk/direct-go/examples/simple/main.go:46.2,46.52 1 0
github.com/f4ah6o/direct-go-sdk/direct-go/examples/simple/main.go:46.52,48.3 1 0
github.com/f4ah6o/direct-go-sdk/direct-go/examples/simple/main.go:51.2,52.41 2 0
github.com/f4ah6o/direct-go-sdk/direct-go/examples/simple/main.go:52.41,54.3 1 0
github.com/f4ah6o/direct-go-sdk/direct-go/examples/simple/main.go:55.2,63.9 5 0
github.com/f4ah6o/direct-go-sdk/direct-go/examples/simple/main.go:64.15,65.36 1 0
github.com/f4ah6o/direct-go-sdk/direct-go/examples/simple/main.go:66.21,67.38 1 0
github.com/f4ah6o/direct-go-sdk/direct-go/testutil/mock_server.go:36.34,40.44 1 0
github.com/f4ah6o/direct-go-sdk/direct-go/testutil/mock_server.go:40.44,42.5 1 0
github.com/f4ah6o/direct-go-sdk/direct-go/testutil/mock_server.go:47.2,49.11 2 0
github.com/f4ah6o/direct-go-sdk/direct-go/testutil/mock_server.go:53.36,55.2 1 0
github.com/f4ah6o/direct-go-sdk/direct-go/testutil/mock_server.go:58.31,60.20 2 0
github.com/f4ah6o/direct-go-sdk/direct-go/testutil/mock_server.go:60.20,62.3 1 0
github.com/f4ah6o/direct-go-sdk/direct-go/testutil/mock_server.go:66.61,70.2 3 0
github.com/f4ah6o/direct-go-sdk/direct-go/testutil/mock_server.go:73.67,74.64 1 0
github.com/f4ah6o/direct-go-sdk/direct-go/testutil/mock_server.go:74.64,76.3 1 0
github.com/f4ah6o/direct-go-sdk/direct-go/testutil/mock_server.go:80.61,81.64 1 0
github.com/f4ah6o/direct-go-sdk/direct-go/testutil/mock_server.go:81.64,83.3 1 0
github.com/f4ah6o/direct-go-sdk/direct-go/testutil/mock_server.go:87.61,91.2 3 0
github.com/f4ah6o/direct-go-sdk/direct-go/testutil/mock_server.go:94.59,96.41 2 0
github.com/f4ah6o/direct-go-sdk/direct-go/testutil/mock_server.go:96.41,98.3 1 0
github.com/f4ah6o/direct-go-sdk/direct-go/testutil/mock_server.go:99.2,99.31 1 0
github.com/f4ah6o/direct-go-sdk/direct-go/testutil/mock_server.go:99.31,100.52 1 0
github.com/f4ah6o/direct-go-sdk/direct-go/testutil/mock_server.go:100.52,102.4 1 0
github.com/f4ah6o/direct-go-sdk/direct-go/testutil/mock_server.go:104.2,104.11 1 0
github.com/f4ah6o/direct-go-sdk/direct-go/testutil/mock_server.go:108.79,110.16 2 0
github.com/f4ah6o/direct-go-sdk/direct-go/testutil/mock_server.go:110.16,112.3 1 0
github.com/f4ah6o/direct-go-sdk/direct-go/testutil/mock_server.go:114.2,120.6 5 0
github.com/f4ah6o/direct-go-sdk/direct-go/testutil/mock_server.go:120.6,122.17 2 0
github.com/f4ah6o/direct-go-sdk/direct-go/testutil/mock_server.go:122.17,124.4 1 0
github.com/f4ah6o/direct-go-sdk/direct-go/testutil/mock_server.go:126.3,126.41 1 0
github.com/f4ah6o/direct-go-sdk/direct-go/testutil/mock_server.go:126.41,127.12 1 0
github.com/f4ah6o/direct-go-sdk/direct-go/testutil/mock_server.go:131.3,132.59 2 0
github.com/f4ah6o/direct-go-sdk/direct-go/testutil/mock_server.go:132.59,133.12 1 0
github.com/f4ah6o/direct-go-sdk/direct-go/testutil/mock_server.go:137.3,142.23 4 0
github.com/f4ah6o/direct-go-sdk/direct-go/testutil/mock_server.go:142.23,143.12 1 0
github.com/f4ah6o/direct-go-sdk/direct-go/testutil/mock_server.go:146.3,147.10 2 0
github.com/f4ah6o/direct-go-sdk/direct-go/testutil/mock_server.go:147.10,149.38 1 0
github.com/f4ah6o/direct-go-sdk/direct-go/testutil/mock_server.go:149.38,151.5 1 0
github.com/f4ah6o/direct-go-sdk/direct-go/testutil/mock_server.go:151.10,152.13 1 0
github.com/f4ah6o/direct-go-sdk/direct-go/testutil/mock_server.go:156.3,157.10 2 0
github.com/f4ah6o/direct-go-sdk/direct-go/testutil/mock_server.go:157.10,158.12 1 0
github.com/f4ah6o/direct-go-sdk/direct-go/testutil/mock_server.go:161.3,162.10 2 0
github.com/f4ah6o/direct-go-sdk/direct-go/testutil/mock_server.go:162.10,164.4 1 0
github.com/f4ah6o/direct-go-sdk/direct-go/testutil/mock_server.go:167.3,172.21 5 0
github.com/f4ah6o/direct-go-sdk/direct-go/testutil/mock_server.go:172.21,174.18 2 0
github.com/f4ah6o/direct-go-sdk/direct-go/testutil/mock_server.go:174.18,177.5 1 0
github.com/f4ah6o/direct-go-sdk/direct-go/testutil/mock_server.go:177.10,180.5 1 0
github.com/f4ah6o/direct-go-sdk/direct-go/testutil/mock_server.go:181.9,184.4 1 0
github.com/f4ah6o/direct-go-sdk/direct-go/testutil/mock_server.go:187.3,188.17 2 0
github.com/f4ah6o/direct-go-sdk/direct-go/testutil/mock_server.go:188.17,189.12 1 0
github.com/f4ah6o/direct-go-sdk/direct-go/testutil/mock_server.go:192.3,192.59 1 0
github.com/f4ah6o/direct-go-sdk/direct-go/testutil/mock_server.go:197.81,202.17 4 0
github.com/f4ah6o/direct-go-sdk/direct-go/testutil/mock_server.go:202.17,204.3 1 0
github.com/f4ah6o/direct-go-sdk/direct-go/testutil/mock_server.go:207.2,210.16 3 0
github.com/f4ah6o/direct-go-sdk/direct-go/testutil/mock_server.go:210.16,212.3 1 0
github.com/f4ah6o/direct-go-sdk/direct-go/testutil/mock_server.go:214.2,214.57 1 0
github.com/f4ah6o/direct-go-sdk/direct-go/testutil/mock_server.go:218.31,222.2 3 0
github.com/f4ah6o/direct-go-sdk/direct-go/testutil/mock_server.go:225.55,230.34 4 0
github.com/f4ah6o/direct-go-sdk/direct-go/testutil/mock_server.go:230.34,231.20 1 0
github.com/f4ah6o/direct-go-sdk/direct-go/testutil/mock_server.go:231.20,232.51 1 0
github.com/f4ah6o/direct-go-sdk/direct-go/testutil/mock_server.go:232.51,234.5 1 0
github.com/f4ah6o/direct-go-sdk/direct-go/testutil/mock_server.go:237.2,237.14 1 0
github.com/f4ah6o/direct-go-sdk/direct-go/testutil/mock_server.go:241.68,243.2 1 0
github.com/f4ah6o/direct-go-sdk/direct-go/debuglog/debuglog.go:50.46,55.2 1 0
github.com/f4ah6o/direct-go-sdk/direct-go/debuglog/debuglog.go:58.43,64.22 5 0
github.com/f4ah6o/direct-go-sdk/direct-go/debuglog/debuglog.go:64.22,66.3 1 0
github.com/f4ah6o/direct-go-sdk/direct-go/debuglog/debuglog.go:70.52,80.31 5 0
github.com/f4ah6o/direct-go-sdk/direct-go/debuglog/debuglog.go:80.31,85.54 3 0
github.com/f4ah6o/direct-go-sdk/direct-go/debuglog/debuglog.go:85.54,86.12 1 0
github.com/f4ah6o/direct-go-sdk/direct-go/debuglog/debuglog.go:88.3,88.64 1 0
github.com/f4ah6o/direct-go-sdk/direct-go/debuglog/debuglog.go:88.64,89.12 1 0
github.com/f4ah6o/direct-go-sdk/direct-go/debuglog/debuglog.go:91.3,91.103 1 0
github.com/f4ah6o/direct-go-sdk/direct-go/debuglog/debuglog.go:91.103,92.12 1 0
github.com/f4ah6o/direct-go-sdk/direct-go/debuglog/debuglog.go:95.3,95.35 1 0
github.com/f4ah6o/direct-go-sdk/direct-go/debuglog/debuglog.go:99.2,99.43 1 0
github.com/f4ah6o/direct-go-sdk/direct-go/debuglog/debuglog.go:99.43,101.3 1 0
github.com/f4ah6o/direct-go-sdk/direct-go/debuglog/debuglog.go:103.2,103.16 1 0
github.com/f4ah6o/direct-go-sdk/direct-go/debuglog/debuglog.go:123.13,125.45 1 0
github.com/f4ah6o/direct-go-sdk/direct-go/debuglog/debuglog.go:125.45,126.48 1 0
github.com/f4ah6o/direct-go-sdk/direct-go/debuglog/debuglog.go:126.48,128.4 1 0
github.com/f4ah6o/direct-go-sdk/direct-go/debuglog/debuglog.go:128.9,128.25 1 0
github.com/f4ah6o/direct-go-sdk/direct-go/debuglog/debuglog.go:128.25,130.4 1 0
github.com/f4ah6o/direct-go-sdk/direct-go/debuglog/debuglog.go:132.2,132.16 1 0
github.com/f4ah6o/direct-go-sdk/direct-go/debuglog/debuglog.go:136.32,142.2 5 0
github.com/f4ah6o/direct-go-sdk/direct-go/debuglog/debuglog.go:145.36,150.2 4 0
github.com/f4ah6o/direct-go-sdk/direct-go/debuglog/debuglog.go:153.30,155.2 1 0
github.com/f4ah6o/direct-go-sdk/direct-go/debuglog/debuglog.go:158.32,161.30 3 0
github.com/f4ah6o/direct-go-sdk/direct-go/debuglog/debuglog.go:161.30,162.10 1 0
github.com/f4ah6o/direct-go-sdk/direct-go/debuglog/debuglog.go:163.20,163.20 0 0
github.com/f4ah6o/direct-go-sdk/direct-go/debuglog/debuglog.go:164.11,164.11 0 0
github.com/f4ah6o/direct-go-sdk/direct-go/debuglog/debuglog.go:171.37,173.2 1 0
github.com/f4ah6o/direct-go-sdk/direct-go/debuglog/debuglog.go:176.28,181.2 4 0
github.com/f4ah6o/direct-go-sdk/direct-go/debuglog/debuglog.go:184.46,186.2 1 0
github.com/f4ah6o/direct-go-sdk/direct-go/debuglog/debuglog.go:189.47,191.2 1 0
github.com/f4ah6o/direct-go-sdk/direct-go/debuglog/debuglog.go:195.78,196.22 1 0
github.com/f4ah6o/direct-go-sdk/direct-go/debuglog/debuglog.go:196.22,198.3 1 0
github.com/f4ah6o/direct-go-sdk/direct-go/debuglog/debuglog.go:200.2,217.30 6 0
github.com/f4ah6o/direct-go-sdk/direct-go/debuglog/debuglog.go:217.30,218.10 1 0
github.com/f4ah6o/direct-go-sdk/direct-go/debuglog/debuglog.go:219.20,219.20 0 0
github.com/f4ah6o/direct-go-sdk/direct-go/debuglog/debuglog.go:220.11,220.11 0 0
github.com/f4ah6o/direct-go-sdk/direct-go/debuglog/debuglog.go:224.2,232.21 6 0
github.com/f4ah6o/direct-go-sdk/direct-go/debuglog/debuglog.go:232.21,233.13 1 0
github.com/f4ah6o/direct-go-sdk/direct-go/debuglog/debuglog.go:233.13,235.18 2 0
github.com/f4ah6o/direct-go-sdk/direct-go/debuglog/debuglog.go:235.18,237.5 1 0
github.com/f4ah6o/direct-go-sdk/direct-go/debuglog/debuglog.go:238.4,239.18 2 0
github.com/f4ah6o/direct-go-sdk/direct-go/debuglog/debuglog.go:239.18,241.5 1 0
github.com/f4ah6o/direct-go-sdk/direct-go/debuglog/debuglog.go:247.32,249.2 1 0
github.com/f4ah6o/direct-go-sdk/direct-go/debuglog/debuglog.go:252.25,254.2 1 0
github.com/f4ah6o/direct-go-sdk/direct-go/debuglog/debuglog.go:258.58,261.2 2 0
github.com/f4ah6o/direct-go-sdk/direct-go/logserver/server.go:32.20,38.2 3 0
github.com/f4ah6o/direct-go-sdk/direct-go/logserver/server.go:40.27,47.2 4 0
github.com/f4ah6o/direct-go-sdk/direct-go/logserver/server.go:50.72,51.24 1 0
github.com/f4ah6o/direct-go-sdk/direct-go/logserver/server.go:51.24,54.3 2 0
github.com/f4ah6o/direct-go-sdk/direct-go/logserver/server.go:56.2,57.63 2 0
github.com/f4ah6o/direct-go-sdk/direct-go/logserver/server.go:57.63,62.3 2 0
github.com/f4ah6o/direct-go-sdk/direct-go/logserver/server.go:66.2,66.25 1 0
github.com/f4ah6o/direct-go-sdk/direct-go/logserver/server.go:66.25,68.3 1 0
github.com/f4ah6o/direct-go-sdk/direct-go/logserver/server.go:71.2,76.30 3 0
github.com/f4ah6o/direct-go-sdk/direct-go/logserver/server.go:82.52,85.2 2 0
github.com/f4ah6o/direct-go-sdk/direct-go/logserver/server.go:88.69,89.23 1 0
github.com/f4ah6o/direct-go-sdk/direct-go/logserver/server.go:89.23,92.3 2 0
github.com/f4ah6o/direct-go-sdk/direct-go/logserver/server.go:94.2,99.60 2 0
github.com/f4ah6o/direct-go-sdk/direct-go/logserver/server.go:99.60,100.55 1 0
github.com/f4ah6o/direct-go-sdk/direct-go/logserver/server.go:100.55,102.4 1 0
github.com/f4ah6o/direct-go-sdk/direct-go/logserver/server.go:103.8,105.3 1 0
github.com/f4ah6o/direct-go-sdk/direct-go/logserver/server.go:107.2,107.60 1 0
github.com/f4ah6o/direct-go-sdk/direct-go/logserver/server.go:107.60,108.63 1 0
github.com/f4ah6o/direct-go-sdk/direct-go/logserver/server.go:108.63,110.4 1 0
github.com/f4ah6o/direct-go-sdk/direct-go/logserver/server.go:113.2,119.4 3 0
github.com/f4ah6o/direct-go-sdk/direct-go/logserver/server.go:123.71,125.9 2 0
github.com/f4ah6o/direct-go-sdk/direct-go/logserver/server.go:125.9,128.3 2 0
github.com/f4ah6o/direct-go-sdk/direct-go/logserver/server.go:130.2,146.6 10 0
github.com/f4ah6o/direct-go-sdk/direct-go/logserver/server.go:146.6,147.10 1 0
github.com/f4ah6o/direct-go-sdk/direct-go/logserver/server.go:148.17,149.10 1 0
github.com/f4ah6o/direct-go-sdk/direct-go/logserver/server.go:150.22,152.18 2 0
github.com/f4ah6o/direct-go-sdk/direct-go/logserver/server.go:152.18,153.13 1 0
github.com/f4ah6o/direct-go-sdk/direct-go/logserver/server.go:155.4,156.19 2 0
github.com/f4ah6o/direct-go-sdk/direct-go/logserver/server.go:162.70,163.23 1 0
github.com/f4ah6o/direct-go-sdk/direct-go/logserver/server.go:163.23,166.3 2 0
github.com/f4ah6o/direct-go-sdk/direct-go/logserver/server.go:168.2,169.31 2 0
github.com/f4ah6o/direct-go-sdk/direct-go/tools/coverage/analyzer.go:52.92,55.35 2 0
github.com/f4ah6o/direct-go-sdk/direct-go/tools/coverage/analyzer.go:55.35,57.3 1 0
github.com/f4ah6o/direct-go-sdk/direct-go/tools/coverage/analyzer.go:59.2,60.35 2 0
github.com/f4ah6o/direct-go-sdk/direct-go/tools/coverage/analyzer.go:60.35,62.3 1 0
github.com/f4ah6o/direct-go-sdk/direct-go/tools/coverage/analyzer.go:65.2,66.35 2 0
github.com/f4ah6o/direct-go-sdk/direct-go/tools/coverage/analyzer.go:66.35,67.20 1 0
github.com/f4ah6o/direct-go-sdk/direct-go/tools/coverage/analyzer.go:67.20,69.4 1 0
github.com/f4ah6o/direct-go-sdk/direct-go/tools/coverage/analyzer.go:69.9,71.4 1 0
github.com/f4ah6o/direct-go-sdk/direct-go/tools/coverage/analyzer.go:75.2,84.17 8 0
github.com/f4ah6o/direct-go-sdk/direct-go/tools/coverage/analyzer.go:84.17,86.3 1 0
github.com/f4ah6o/direct-go-sdk/direct-go/tools/coverage/analyzer.go:89.2,115.15 3 0
github.com/f4ah6o/direct-go-sdk/direct-go/tools/coverage/analyzer.go:119.66,124.37 3 0
github.com/f4ah6o/direct-go-sdk/direct-go/tools/coverage/analyzer.go:124.37,126.3 1 0
github.com/f4ah6o/direct-go-sdk/direct-go/tools/coverage/analyzer.go:128.2,129.33 2 0
github.com/f4ah6o/direct-go-sdk/direct-go/tools/coverage/analyzer.go:129.33,131.3 1 0
github.com/f4ah6o/direct-go-sdk/direct-go/tools/coverage/analyzer.go:134.2,134.45 1 0
github.com/f4ah6o/direct-go-sdk/direct-go/tools/coverage/analyzer.go:134.45,139.34 3 0
github.com/f4ah6o/direct-go-sdk/direct-go/tools/coverage/analyzer.go:139.34,140.30 1 0
github.com/f4ah6o/direct-go-sdk/direct-go/tools/coverage/analyzer.go:140.30,142.5 1 0
github.com/f4ah6o/direct-go-sdk/direct-go/tools/coverage/analyzer.go:142.10,142.33 1 0
github.com/f4ah6o/direct-go-sdk/direct-go/tools/coverage/analyzer.go:142.33,144.5 1 0
github.com/f4ah6o/direct-go-sdk/direct-go/tools/coverage/analyzer.go:147.3,150.23 4 0
github.com/f4ah6o/direct-go-sdk/direct-go/tools/coverage/analyzer.go:150.23,152.4 1 0
github.com/f4ah6o/direct-go-sdk/direct-go/tools/coverage/analyzer.go:154.3,163.44 2 0
github.com/f4ah6o/direct-go-sdk/direct-go/tools/coverage/analyzer.go:166.2,166.19 1 0
github.com/f4ah6o/direct-go-sdk/direct-go/tools/coverage/analyzer.go:170.48,171.21 1 0
github.com/f4ah6o/direct-go-sdk/direct-go/tools/coverage/analyzer.go:171.21,173.3 1 0
github.com/f4ah6o/direct-go-sdk/direct-go/tools/coverage/analyzer.go:173.8,173.28 1 0
github.com/f4ah6o/direct-go-sdk/direct-go/tools/coverage/analyzer.go:173.28,175.3 1 0
github.com/f4ah6o/direct-go-sdk/direct-go/tools/coverage/analyzer.go:175.8,175.28 1 0
github.com/f4ah6o/direct-go-sdk/direct-go/tools/coverage/analyzer.go:175.28,177.3 1 0
github.com/f4ah6o/direct-go-sdk/direct-go/tools/coverage/analyzer.go:178.2,178.15 1 0
github.com/f4ah6o/direct-go-sdk/direct-go/tools/coverage/baseline.go:130.33,132.41 2 0
github.com/f4ah6o/direct-go-sdk/direct-go/tools/coverage/baseline.go:132.41,133.63 1 0
github.com/f4ah6o/direct-go-sdk/direct-go/tools/coverage/baseline.go:133.63,135.4 1 0
github.com/f4ah6o/direct-go-sdk/direct-go/tools/coverage/baseline.go:137.2,137.16 1 0
github.com/f4ah6o/direct-go-sdk/direct-go/tools/coverage/baseline.go:141.45,142.53 1 0
github.com/f4ah6o/direct-go-sdk/direct-go/tools/coverage/baseline.go:142.53,143.29 1 0
github.com/f4ah6o/direct-go-sdk/direct-go/tools/coverage/baseline.go:143.29,144.19 1 0
github.com/f4ah6o/direct-go-sdk/direct-go/tools/coverage/baseline.go:144.19,146.5 1 0
github.com/f4ah6o/direct-go-sdk/direct-go/tools/coverage/baseline.go:149.2,149.18 1 0
github.com/f4ah6o/direct-go-sdk/direct-go/tools/coverage/baseline.go:153.32,155.46 2 0
github.com/f4ah6o/direct-go-sdk/direct-go/tools/coverage/baseline.go:155.46,157.3 1 0
github.com/f4ah6o/direct-go-sdk/direct-go/tools/coverage/baseline.go:158.2,158.14 1 0
github.com/f4ah6o/direct-go-sdk/direct-go/tools/coverage/extractor.go:12.56,24.29 4 0
github.com/f4ah6o/direct-go-sdk/direct-go/tools/coverage/extractor.go:24.29,26.17 2 0
github.com/f4ah6o/direct-go-sdk/direct-go/tools/coverage/extractor.go:26.17,30.18 3 0
github.com/f4ah6o/direct-go-sdk/direct-go/tools/coverage/extractor.go:30.18,31.13 1 0
github.com/f4ah6o/direct-go-sdk/direct-go/tools/coverage/extractor.go:36.3,37.33 2 0
github.com/f4ah6o/direct-go-sdk/direct-go/tools/coverage/extractor.go:37.33,38.22 1 0
github.com/f4ah6o/direct-go-sdk/direct-go/tools/coverage/extractor.go:38.22,41.5 2 0
github.com/f4ah6o/direct-go-sdk/direct-go/tools/coverage/extractor.go:46.2,47.32 2 0
github.com/f4ah6o/direct-go-sdk/direct-go/tools/coverage/extractor.go:47.32,49.3 1 0
github.com/f4ah6o/direct-go-sdk/direct-go/tools/coverage/extractor.go:50.2,52.21 2 0
github.com/f4ah6o/direct-go-sdk/direct-go/tools/coverage/extractor.go:56.56,66.84 3 0
github.com/f4ah6o/direct-go-sdk/direct-go/tools/coverage/extractor.go:66.84,67.17 1 0
github.com/f4ah6o/direct-go-sdk/direct-go/tools/coverage/extractor.go:67.17,69.4 1 0
github.com/f4ah6o/direct-go-sdk/direct-go/tools/coverage/extractor.go:72.3,72.54 1 0
github.com/f4ah6o/direct-go-sdk/direct-go/tools/coverage/extractor.go:72.54,74.4 1 0
github.com/f4ah6o/direct-go-sdk/direct-go/tools/coverage/extractor.go:77.3,77.42 1 0
github.com/f4ah6o/direct-go-sdk/direct-go/tools/coverage/extractor.go:77.42,79.4 1 0
github.com/f4ah6o/direct-go-sdk/direct-go/tools/coverage/extractor.go:82.3,82.92 1 0
github.com/f4ah6o/direct-go-sdk/direct-go/tools/coverage/extractor.go:82.92,84.4 1 0
github.com/f4ah6o/direct-go-sdk/direct-go/tools/coverage/extractor.go:86.3,87.17 2 0
github.com/f4ah6o/direct-go-sdk/direct-go/tools/coverage/extractor.go:87.17,89.4 1 0
github.com/f4ah6o/direct-go-sdk/direct-go/tools/coverage/extractor.go:92.3,92.36 1 0
github.com/f4ah6o/direct-go-sdk/direct-go/tools/coverage/extractor.go:92.36,94.34 2 0
github.com/f4ah6o/direct-go-sdk/direct-go/tools/coverage/extractor.go:94.34,95.23 1 0
github.com/f4ah6o/direct-go-sdk/direct-go/tools/coverage/extractor.go:95.23,98.6 2 0
github.com/f4ah6o/direct-go-sdk/direct-go/tools/coverage/extractor.go:102.3,102.13 1 0
github.com/f4ah6o/direct-go-sdk/direct-go/tools/coverage/extractor.go:105.2,105.16 1 0
github.com/f4ah6o/direct-go-sdk/direct-go/tools/coverage/extractor.go:105.16,107.3 1 0
github.com/f4ah6o/direct-go-sdk/direct-go/tools/coverage/extractor.go:110.2,111.32 2 0
github.com/f4ah6o/direct-go-sdk/direct-go/tools/coverage/extractor.go:111.32,113.3 1 0
github.com/f4ah6o/direct-go-sdk/direct-go/tools/coverage/extractor.go:114.2,116.21 2 0
github.com/f4ah6o/direct-go-sdk/direct-go/tools/coverage/extractor.go:120.79,121.25 1 0
github.com/f4ah6o/direct-go-sdk/direct-go/tools/coverage/extractor.go:121.25,123.3 1 0
github.com/f4ah6o/direct-go-sdk/direct-go/tools/coverage/extractor.go:125.2,126.35 2 0
github.com/f4ah6o/direct-go-sdk/direct-go/tools/coverage/extractor.go:126.35,128.3 1 0
github.com/f4ah6o/direct-go-sdk/direct-go/tools/coverage/extractor.go:130.2,131.34 2 0
github.com/f4ah6o/direct-go-sdk/direct-go/tools/coverage/extractor.go:131.34,133.3 1 0
github.com/f4ah6o/direct-go-sdk/direct-go/tools/coverage/extractor.go:136.2,137.35 2 0
github.com/f4ah6o/direct-go-sdk/direct-go/tools/coverage/extractor.go:137.35,138.27 1 0
github.com/f4ah6o/direct-go-sdk/direct-go/tools/coverage/extractor.go:138.27,140.4 1 0
github.com/f4ah6o/direct-go-sdk/direct-go/tools/coverage/extractor.go:144.2,145.34 2 0
github.com/f4ah6o/direct-go-sdk/direct-go/tools/coverage/extractor.go:145.34,146.28 1 0
github.com/f4ah6o/direct-go-sdk/direct-go/tools/coverage/extractor.go:146.28,148.4 1 0
github.com/f4ah6o/direct-go-sdk/direct-go/tools/coverage/extractor.go:151.2,151.25 1 0
github.com/f4ah6o/direct-go-sdk/direct-go/tools/coverage/extractor.go:151.25,153.3 1 0
github.com/f4ah6o/direct-go-sdk/direct-go/tools/coverage/extractor.go:155.2,155.29 1 0
github.com/f4ah6o/direct-go-sdk/direct-go/tools/coverage/extractor.go:155.29,157.3 1 0
github.com/f4ah6o/direct-go-sdk/direct-go/tools/coverage/main.go:12.13,22.22 8 0
github.com/f4ah6o/direct-go-sdk/direct-go/tools/coverage/main.go:22.22,34.3 11 0
github.com/f4ah6o/direct-go-sdk/direct-go/tools/coverage/main.go:36.2,39.18 2 0
github.com/f4ah6o/direct-go-sdk/direct-go/tools/coverage/main.go:39.18,42.3 2 0
github.com/f4ah6o/direct-go-sdk/direct-go/tools/coverage/main.go:45.2,46.16 2 0
github.com/f4ah6o/direct-go-sdk/direct-go/tools/coverage/main.go:46.16,49.3 2 0
github.com/f4ah6o/direct-go-sdk/direct-go/tools/coverage/main.go:51.2,52.16 2 0
github.com/f4ah6o/direct-go-sdk/direct-go/tools/coverage/main.go:52.16,55.3 2 0
github.com/f4ah6o/direct-go-sdk/direct-go/tools/coverage/main.go:57.2,57.14 1 0
github.com/f4ah6o/direct-go-sdk/direct-go/tools/coverage/main.go:57.14,61.20 4 0
github.com/f4ah6o/direct-go-sdk/direct-go/tools/coverage/main.go:61.20,63.4 1 0
github.com/f4ah6o/direct-go-sdk/direct-go/tools/coverage/main.go:64.3,64.31 1 0
github.com/f4ah6o/direct-go-sdk/direct-go/tools/coverage/main.go:68.2,69.18 2 0
github.com/f4ah6o/direct-go-sdk/direct-go/tools/coverage/main.go:69.18,70.15 1 0
github.com/f4ah6o/direct-go-sdk/direct-go/tools/coverage/main.go:70.15,72.4 1 0
github.com/f4ah6o/direct-go-sdk/direct-go/tools/coverage/main.go:73.3,73.32 1 0
github.com/f4ah6o/direct-go-sdk/direct-go/tools/coverage/main.go:74.8,75.15 1 0
github.com/f4ah6o/direct-go-sdk/direct-go/tools/coverage/main.go:75.15,77.4 1 0
github.com/f4ah6o/direct-go-sdk/direct-go/tools/coverage/main.go:78.3,79.17 2 0
github.com/f4ah6o/direct-go-sdk/direct-go/tools/coverage/main.go:79.17,82.4 2 0
github.com/f4ah6o/direct-go-sdk/direct-go/tools/coverage/main.go:83.3,83.15 1 0
github.com/f4ah6o/direct-go-sdk/direct-go/tools/coverage/main.go:83.15,85.4 1 0
github.com/f4ah6o/direct-go-sdk/direct-go/tools/coverage/main.go:89.2,89.14 1 0
github.com/f4ah6o/direct-go-sdk/direct-go/tools/coverage/main.go:89.14,91.3 1 0
github.com/f4ah6o/direct-go-sdk/direct-go/tools/coverage/main.go:92.2,93.16 2 0
github.com/f4ah6o/direct-go-sdk/direct-go/tools/coverage/main.go:93.16,96.3 2 0
github.com/f4ah6o/direct-go-sdk/direct-go/tools/coverage/main.go:97.2,97.14 1 0
github.com/f4ah6o/direct-go-sdk/direct-go/tools/coverage/main.go:97.14,99.3 1 0
github.com/f4ah6o/direct-go-sdk/direct-go/tools/coverage/main.go:102.2,102.31 1 0
github.com/f4ah6o/direct-go-sdk/direct-go/tools/coverage/main.go:102.31,105.3 2 0
github.com/f4ah6o/direct-go-sdk/direct-go/tools/coverage/main.go:108.2,108.14 1 0
github.com/f4ah6o/direct-go-sdk/direct-go/tools/coverage/main.go:108.14,110.3 1 0
github.com/f4ah6o/direct-go-sdk/direct-go/tools/coverage/main.go:111.2,117.17 4 0
github.com/f4ah6o/direct-go-sdk/direct-go/tools/coverage/main.go:118.14,120.17 2 0
github.com/f4ah6o/direct-go-sdk/direct-go/tools/coverage/main.go:120.17,123.4 2 0
github.com/f4ah6o/direct-go-sdk/direct-go/tools/coverage/main.go:124.3,124.38 1 0
github.com/f4ah6o/direct-go-sdk/direct-go/tools/coverage/main.go:126.24,127.43 1 0
github.com/f4ah6o/direct-go-sdk/direct-go/tools/coverage/main.go:129.21,130.46 1 0
github.com/f4ah6o/direct-go-sdk/direct-go/tools/coverage/main.go:132.10,134.13 2 0
github.com/f4ah6o/direct-go-sdk/direct-go/tools/coverage/main.go:138.2,138.19 1 0
github.com/f4ah6o/direct-go-sdk/direct-go/tools/coverage/main.go:138.19,141.3 1 0
github.com/f4ah6o/direct-go-sdk/direct-go/tools/coverage/main.go:141.8,144.17 2 0
github.com/f4ah6o/direct-go-sdk/direct-go/tools/coverage/main.go:144.17,147.4 2 0
github.com/f4ah6o/direct-go-sdk/direct-go/tools/coverage/main.go:148.3,148.15 1 0
github.com/f4ah6o/direct-go-sdk/direct-go/tools/coverage/main.go:148.15,150.4 1 0
github.com/f4ah6o/direct-go-sdk/direct-go/tools/coverage/main.go:150.9,152.4 1 0
github.com/f4ah6o/direct-go-sdk/direct-go/tools/coverage/main.go:156.2,156.32 1 0
github.com/f4ah6o/direct-go-sdk/direct-go/tools/coverage/main.go:156.32,159.3 2 0
github.com/f4ah6o/direct-go-sdk/direct-go/tools/coverage/reporter.go:10.59,12.2 1 0
github.com/f4ah6o/direct-go-sdk/direct-go/tools/coverage/reporter.go:15.54,37.45 12 0
github.com/f4ah6o/direct-go-sdk/direct-go/tools/coverage/reporter.go:37.45,45.3 2 0
github.com/f4ah6o/direct-go-sdk/direct-go/tools/coverage/reporter.go:46.2,51.45 3 0
github.com/f4ah6o/direct-go-sdk/direct-go/tools/coverage/reporter.go:51.45,55.36 2 0
github.com/f4ah6o/direct-go-sdk/direct-go/tools/coverage/reporter.go:55.36,57.48 2 0
github.com/f4ah6o/direct-go-sdk/direct-go/tools/coverage/reporter.go:57.48,59.5 1 0
github.com/f4ah6o/direct-go-sdk/direct-go/tools/coverage/reporter.go:60.4,60.24 1 0
github.com/f4ah6o/direct-go-sdk/direct-go/tools/coverage/reporter.go:64.3,64.32 1 0
github.com/f4ah6o/direct-go-sdk/direct-go/tools/coverage/reporter.go:64.32,66.44 2 0
github.com/f4ah6o/direct-go-sdk/direct-go/tools/coverage/reporter.go:66.44,68.5 1 0
github.com/f4ah6o/direct-go-sdk/direct-go/tools/coverage/reporter.go:69.4,69.24 1 0
github.com/f4ah6o/direct-go-sdk/direct-go/tools/coverage/reporter.go:74.2,85.36 5 0
github.com/f4ah6o/direct-go-sdk/direct-go/tools/coverage/reporter.go:85.36,87.3 1 0
github.com/f4ah6o/direct-go-sdk/direct-go/tools/coverage/reporter.go:88.2,98.38 4 0
github.com/f4ah6o/direct-go-sdk/direct-go/tools/coverage/reporter.go:98.38,100.3 1 0
github.com/f4ah6o/direct-go-sdk/direct-go/tools/coverage/reporter.go:101.2,110.35 4 0
github.com/f4ah6o/direct-go-sdk/direct-go/tools/coverage/reporter.go:110.35,112.3 1 0
github.com/f4ah6o/direct-go-sdk/direct-go/tools/coverage/reporter.go:113.2,119.20 4 0
github.com/f4ah6o/direct-go-sdk/direct-go/tools/coverage/reporter.go:123.57,139.40 6 0
github.com/f4ah6o/direct-go-sdk/direct-go/tools/coverage/reporter.go:139.40,141.3 1 0
github.com/f4ah6o/direct-go-sdk/direct-go/tools/coverage/reporter.go:144.2,144.35 1 0
github.com/f4ah6o/direct-go-sdk/direct-go/tools/coverage/reporter.go:144.35,145.40 1 0
github.com/f4ah6o/direct-go-sdk/direct-go/tools/coverage/reporter.go:145.40,146.47 1 0
github.com/f4ah6o/direct-go-sdk/direct-go/tools/coverage/reporter.go:146.47,148.5 1 0
github.com/f4ah6o/direct-go-sdk/direct-go/tools/coverage/reporter.go:152.2,152.44 1 0
github.com/f4ah6o/direct-go-sdk/direct-go/tools/coverage/reporter.go:152.44,155.3 2 0
github.com/f4ah6o/direct-go-sdk/direct-go/tools/coverage/reporter.go:157.2,157.20 1 0
github.com/f4ah6o/direct-go-sdk/direct-go/announcements.go:33.152,36.16 3 0
github.com/f4ah6o/direct-go-sdk/direct-go/announcements.go:36.16,38.3 1 0
github.com/f4ah6o/direct-go-sdk/direct-go/announcements.go:40.2,40.65 1 0
github.com/f4ah6o/direct-go-sdk/direct-go/announcements.go:40.65,42.3 1 0
github.com/f4ah6o/direct-go-sdk/direct-go/announcements.go:44.2,44.17 1 0
github.com/f4ah6o/direct-go-sdk/direct-go/announcements.go:49.102,52.16 3 0
github.com/f4ah6o/direct-go-sdk/direct-go/announcements.go:52.16,54.3 1 0
github.com/f4ah6o/direct-go-sdk/direct-go/announcements.go:56.2,57.43 2 0
github.com/f4ah6o/direct-go-sdk/direct-go/announcements.go:57.43,58.28 1 0
github.com/f4ah6o/direct-go-sdk/direct-go/announcements.go:58.28,59.65 1 0
github.com/f4ah6o/direct-go-sdk/direct-go/announcements.go:59.65,62.5 2 0
github.com/f4ah6o/direct-go-sdk/direct-go/announcements.go:66.2,66.27 1 0
github.com/f4ah6o/direct-go-sdk/direct-go/announcements.go:71.93,73.16 2 0
github.com/f4ah6o/direct-go-sdk/direct-go/announcements.go:73.16,75.3 1 0
github.com/f4ah6o/direct-go-sdk/direct-go/announcements.go:77.2,78.43 2 0
github.com/f4ah6o/direct-go-sdk/direct-go/announcements.go:78.43,79.28 1 0
github.com/f4ah6o/direct-go-sdk/direct-go/announcements.go:79.28,80.59 1 0
github.com/f4ah6o/direct-go-sdk/direct-go/announcements.go:80.59,82.45 2 0
github.com/f4ah6o/direct-go-sdk/direct-go/announcements.go:82.45,84.6 1 0
github.com/f4ah6o/direct-go-sdk/direct-go/announcements.go:85.5,85.54 1 0
github.com/f4ah6o/direct-go-sdk/direct-go/announcements.go:85.54,87.6 1 0
github.com/f4ah6o/direct-go-sdk/direct-go/announcements.go:88.5,88.55 1 0
github.com/f4ah6o/direct-go-sdk/direct-go/announcements.go:88.55,90.6 1 0
github.com/f4ah6o/direct-go-sdk/direct-go/announcements.go:91.5,91.60 1 0
github.com/f4ah6o/direct-go-sdk/direct-go/announcements.go:91.60,93.6 1 0
github.com/f4ah6o/direct-go-sdk/direct-go/announcements.go:94.5,94.40 1 0
github.com/f4ah6o/direct-go-sdk/direct-go/announcements.go:99.2,99.22 1 0
github.com/f4ah6o/direct-go-sdk/direct-go/announcements.go:103.108,107.2 3 0
github.com/f4ah6o/direct-go-sdk/direct-go/announcements.go:111.67,114.29 2 0
github.com/f4ah6o/direct-go-sdk/direct-go/announcements.go:114.29,116.3 1 0
github.com/f4ah6o/direct-go-sdk/direct-go/announcements.go:117.2,117.36 1 0
github.com/f4ah6o/direct-go-sdk/direct-go/announcements.go:117.36,119.3 1 0
github.com/f4ah6o/direct-go-sdk/direct-go/announcements.go:120.2,120.41 1 0
github.com/f4ah6o/direct-go-sdk/direct-go/announcements.go:120.41,122.3 1 0
github.com/f4ah6o/direct-go-sdk/direct-go/announcements.go:123.2,123.40 1 0
github.com/f4ah6o/direct-go-sdk/direct-go/announcements.go:123.40,125.3 1 0
github.com/f4ah6o/direct-go-sdk/direct-go/announcements.go:126.2,126.37 1 0
github.com/f4ah6o/direct-go-sdk/direct-go/announcements.go:126.37,128.3 1 0
github.com/f4ah6o/direct-go-sdk/direct-go/announcements.go:129.2,129.45 1 0
github.com/f4ah6o/direct-go-sdk/direct-go/announcements.go:129.45,131.3 1 0
github.com/f4ah6o/direct-go-sdk/direct-go/announcements.go:132.2,132.45 1 0
github.com/f4ah6o/direct-go-sdk/direct-go/announcements.go:132.45,134.3 1 0
github.com/f4ah6o/direct-go-sdk/direct-go/announcements.go:135.2,135.58 1 0
github.com/f4ah6o/direct-go-sdk/direct-go/announcements.go:135.58,137.3 1 0
github.com/f4ah6o/direct-go-sdk/direct-go/announcements.go:138.2,138.56 1 0
github.com/f4ah6o/direct-go-sdk/direct-go/announcements.go:138.56,140.3 1 0
github.com/f4ah6o/direct-go-sdk/direct-go/announcements.go:141.2,141.50 1 0
github.com/f4ah6o/direct-go-sdk/direct-go/announcements.go:141.50,143.3 1 0
github.com/f4ah6o/direct-go-sdk/direct-go/announcements.go:145.2,145.21 1 0
github.com/f4ah6o/direct-go-sdk/direct-go/auth.go:25.22,27.2 1 1
github.com/f4ah6o/direct-go-sdk/direct-go/auth.go:31.44,33.2 1 12
github.com/f4ah6o/direct-go-sdk/direct-go/auth.go:37.32,39.34 1 4
github.com/f4ah6o/direct-go-sdk/direct-go/auth.go:39.34,41.3 1 1
github.com/f4ah6o/direct-go-sdk/direct-go/auth.go:44.2,45.20 2 3
github.com/f4ah6o/direct-go-sdk/direct-go/auth.go:51.34,53.50 1 6
github.com/f4ah6o/direct-go-sdk/direct-go/auth.go:53.50,55.3 1 1
github.com/f4ah6o/direct-go-sdk/direct-go/auth.go:58.2,59.14 2 5
github.com/f4ah6o/direct-go-sdk/direct-go/auth.go:65.45,67.39 2 7
github.com/f4ah6o/direct-go-sdk/direct-go/auth.go:67.39,69.3 1 0
github.com/f4ah6o/direct-go-sdk/direct-go/auth.go:72.2,76.29 4 7
github.com/f4ah6o/direct-go-sdk/direct-go/auth.go:76.29,77.47 1 12
github.com/f4ah6o/direct-go-sdk/direct-go/auth.go:77.47,78.19 1 3
github.com/f4ah6o/direct-go-sdk/direct-go/auth.go:78.19,80.5 1 2
github.com/f4ah6o/direct-go-sdk/direct-go/auth.go:81.4,81.16 1 3
github.com/f4ah6o/direct-go-sdk/direct-go/auth.go:82.9,82.24 1 9
github.com/f4ah6o/direct-go-sdk/direct-go/auth.go:82.24,84.4 1 2
github.com/f4ah6o/direct-go-sdk/direct-go/auth.go:87.2,87.27 1 7
github.com/f4ah6o/direct-go-sdk/direct-go/auth.go:87.27,89.3 1 4
github.com/f4ah6o/direct-go-sdk/direct-go/auth.go:92.2,92.81 1 7
github.com/f4ah6o/direct-go-sdk/direct-go/auth.go:97.35,99.2 1 1
github.com/f4ah6o/direct-go-sdk/direct-go/auth.go:102.46,104.16 2 7
github.com/f4ah6o/direct-go-sdk/direct-go/auth.go:104.16,106.3 1 4
github.com/f4ah6o/direct-go-sdk/direct-go/auth.go:107.2,107.26 1 3
github.com/f4ah6o/direct-go-sdk/direct-go/auth.go:111.52,113.16 2 8
github.com/f4ah6o/direct-go-sdk/direct-go/auth.go:113.16,115.3 1 2
github.com/f4ah6o/direct-go-sdk/direct-go/auth.go:116.2,119.21 3 6
github.com/f4ah6o/direct-go-sdk/direct-go/auth.go:119.21,121.47 2 6
github.com/f4ah6o/direct-go-sdk/direct-go/auth.go:121.47,123.4 1 4
github.com/f4ah6o/direct-go-sdk/direct-go/auth.go:126.2,126.16 1 2
github.com/f4ah6o/direct-go-sdk/direct-go/auth.go:133.32,135.16 2 3
github.com/f4ah6o/direct-go-sdk/direct-go/auth.go:135.16,136.25 1 1
github.com/f4ah6o/direct-go-sdk/direct-go/auth.go:136.25,138.4 1 1
github.com/f4ah6o/direct-go-sdk/direct-go/auth.go:139.3,139.13 1 0
github.com/f4ah6o/direct-go-sdk/direct-go/auth.go:141.2,144.21 3 2
github.com/f4ah6o/direct-go-sdk/direct-go/auth.go:144.21,146.49 2 6
github.com/f4ah6o/direct-go-sdk/direct-go/auth.go:146.49,147.12 1 2
github.com/f4ah6o/direct-go-sdk/direct-go/auth.go:150.3,151.22 2 4
github.com/f4ah6o/direct-go-sdk/direct-go/auth.go:151.22,155.28 3 4
github.com/f4ah6o/direct-go-sdk/direct-go/auth.go:155.28,157.5 1 3
github.com/f4ah6o/direct-go-sdk/direct-go/auth.go:161.2,161.22 1 2
github.com/f4ah6o/direct-go-sdk/direct-go/auth.go:167.62,172.16 4 0
github.com/f4ah6o/direct-go-sdk/direct-go/auth.go:172.16,174.3 1 0
github.com/f4ah6o/direct-go-sdk/direct-go/auth.go:175.2,179.16 4 0
github.com/f4ah6o/direct-go-sdk/direct-go/auth.go:179.16,181.3 1 0
github.com/f4ah6o/direct-go-sdk/direct-go/auth.go:182.2,184.8 2 0
github.com/f4ah6o/direct-go-sdk/direct-go/client.go:24.36,26.2 1 0
github.com/f4ah6o/direct-go-sdk/direct-go/client.go:29.44,31.2 1 134
github.com/f4ah6o/direct-go-sdk/direct-go/client.go:34.44,36.2 1 0
github.com/f4ah6o/direct-go-sdk/direct-go/client.go:101.38,102.25 1 33
github.com/f4ah6o/direct-go-sdk/direct-go/client.go:102.25,104.3 1 0
github.com/f4ah6o/direct-go-sdk/direct-go/client.go:105.2,105.21 1 33
github.com/f4ah6o/direct-go-sdk/direct-go/client.go:105.21,106.53 1 33
github.com/f4ah6o/direct-go-sdk/direct-go/client.go:106.53,108.4 1 33
github.com/f4ah6o/direct-go-sdk/direct-go/client.go:111.2,118.3 1 33
github.com/f4ah6o/direct-go-sdk/direct-go/client.go:125.34,129.19 3 33
github.com/f4ah6o/direct-go-sdk/direct-go/client.go:129.19,131.3 1 0
github.com/f4ah6o/direct-go-sdk/direct-go/client.go:133.2,138.30 2 33
github.com/f4ah6o/direct-go-sdk/direct-go/client.go:138.30,140.17 2 0
github.com/f4ah6o/direct-go-sdk/direct-go/client.go:140.17,142.4 1 0
github.com/f4ah6o/direct-go-sdk/direct-go/client.go:143.3,143.41 1 0
github.com/f4ah6o/direct-go-sdk/direct-go/client.go:146.2,151.16 3 33
github.com/f4ah6o/direct-go-sdk/direct-go/client.go:151.16,153.3 1 0
github.com/f4ah6o/direct-go-sdk/direct-go/client.go:155.2,159.51 3 33
github.com/f4ah6o/direct-go-sdk/direct-go/client.go:159.51,162.3 2 0
github.com/f4ah6o/direct-go-sdk/direct-go/client.go:165.2,171.33 3 33
github.com/f4ah6o/direct-go-sdk/direct-go/client.go:171.33,173.3 1 1
github.com/f4ah6o/direct-go-sdk/direct-go/client.go:175.2,175.12 1 33
github.com/f4ah6o/direct-go-sdk/direct-go/client.go:179.29,183.6 3 33
github.com/f4ah6o/direct-go-sdk/direct-go/client.go:183.6,184.10 1 33
github.com/f4ah6o/direct-go-sdk/direct-go/client.go:185.19,191.29 5 0
github.com/f4ah6o/direct-go-sdk/direct-go/client.go:191.29,193.5 1 0
github.com/f4ah6o/direct-go-sdk/direct-go/client.go:195.4,196.83 2 0
github.com/f4ah6o/direct-go-sdk/direct-go/client.go:196.83,199.5 2 0
github.com/f4ah6o/direct-go-sdk/direct-go/client.go:200.17,201.10 1 33
github.com/f4ah6o/direct-go-sdk/direct-go/client.go:207.34,212.60 4 1
github.com/f4ah6o/direct-go-sdk/direct-go/client.go:212.60,222.3 6 1
github.com/f4ah6o/direct-go-sdk/direct-go/client.go:222.27,225.3 2 0
github.com/f4ah6o/direct-go-sdk/direct-go/client.go:229.38,233.66 2 1
github.com/f4ah6o/direct-go-sdk/direct-go/client.go:233.66,237.65 2 1
github.com/f4ah6o/direct-go-sdk/direct-go/client.go:237.65,241.65 2 1
github.com/f4ah6o/direct-go-sdk/direct-go/client.go:241.65,242.32 1 0
github.com/f4ah6o/direct-go-sdk/direct-go/client.go:242.32,243.58 1 0
github.com/f4ah6o/direct-go-sdk/direct-go/client.go:243.58,246.30 2 0
github.com/f4ah6o/direct-go-sdk/direct-go/client.go:246.30,248.8 1 0
github.com/f4ah6o/direct-go-sdk/direct-go/client.go:249.7,254.43 4 0
github.com/f4ah6o/direct-go-sdk/direct-go/client.go:254.43,256.8 1 0
github.com/f4ah6o/direct-go-sdk/direct-go/client.go:257.7,257.48 1 0
github.com/f4ah6o/direct-go-sdk/direct-go/client.go:257.48,259.8 1 0
github.com/f4ah6o/direct-go-sdk/direct-go/client.go:260.7,260.41 1 0
github.com/f4ah6o/direct-go-sdk/direct-go/client.go:260.41,265.8 4 0
github.com/f4ah6o/direct-go-sdk/direct-go/client.go:266.12,268.7 1 0
github.com/f4ah6o/direct-go-sdk/direct-go/client.go:272.5,272.63 1 0
github.com/f4ah6o/direct-go-sdk/direct-go/client.go:272.63,275.34 2 0
github.com/f4ah6o/direct-go-sdk/direct-go/client.go:275.34,277.55 2 0
github.com/f4ah6o/direct-go-sdk/direct-go/client.go:277.55,279.8 1 0
github.com/f4ah6o/direct-go-sdk/direct-go/client.go:282.6,282.23 1 0
github.com/f4ah6o/direct-go-sdk/direct-go/client.go:282.23,284.74 2 0
github.com/f4ah6o/direct-go-sdk/direct-go/client.go:284.74,286.8 1 0
github.com/f4ah6o/direct-go-sdk/direct-go/client.go:286.32,288.8 1 0
github.com/f4ah6o/direct-go-sdk/direct-go/client.go:289.12,291.7 1 0
github.com/f4ah6o/direct-go-sdk/direct-go/client.go:293.10,295.5 1 1
github.com/f4ah6o/direct-go-sdk/direct-go/client.go:298.4,298.74 1 1
github.com/f4ah6o/direct-go-sdk/direct-go/client.go:298.74,302.76 2 1
github.com/f4ah6o/direct-go-sdk/direct-go/client.go:302.76,306.25 2 1
github.com/f4ah6o/direct-go-sdk/direct-go/client.go:306.25,308.78 2 0
github.com/f4ah6o/direct-go-sdk/direct-go/client.go:308.78,312.79 2 0
github.com/f4ah6o/direct-go-sdk/direct-go/client.go:312.79,316.81 2 0
github.com/f4ah6o/direct-go-sdk/direct-go/client.go:316.81,319.10 2 0
github.com/f4ah6o/direct-go-sdk/direct-go/client.go:319.34,322.10 2 0
github.com/f4ah6o/direct-go-sdk/direct-go/client.go:323.33,326.9 2 0
github.com/f4ah6o/direct-go-sdk/direct-go/client.go:327.32,329.8 1 0
github.com/f4ah6o/direct-go-sdk/direct-go/client.go:330.12,332.7 1 1
github.com/f4ah6o/direct-go-sdk/direct-go/client.go:333.30,336.6 2 0
github.com/f4ah6o/direct-go-sdk/direct-go/client.go:337.29,339.5 1 0
github.com/f4ah6o/direct-go-sdk/direct-go/client.go:340.28,342.4 1 0
github.com/f4ah6o/direct-go-sdk/direct-go/client.go:343.27,345.3 1 0
github.com/f4ah6o/direct-go-sdk/direct-go/client.go:348.36,349.38 1 2
github.com/f4ah6o/direct-go-sdk/direct-go/client.go:349.38,351.3 1 2
github.com/f4ah6o/direct-go-sdk/direct-go/client.go:352.2,352.10 1 0
github.com/f4ah6o/direct-go-sdk/direct-go/client.go:355.24,356.11 1 1
github.com/f4ah6o/direct-go-sdk/direct-go/client.go:356.11,358.3 1 0
github.com/f4ah6o/direct-go-sdk/direct-go/client.go:359.2,359.10 1 1
github.com/f4ah6o/direct-go-sdk/direct-go/client.go:364.32,368.31 3 33
github.com/f4ah6o/direct-go-sdk/direct-go/client.go:368.31,370.3 1 0
github.com/f4ah6o/direct-go-sdk/direct-go/client.go:372.2,375.23 3 33
github.com/f4ah6o/direct-go-sdk/direct-go/client.go:382.57,387.2 3 0
github.com/f4ah6o/direct-go-sdk/direct-go/client.go:392.59,393.12 1 0
github.com/f4ah6o/direct-go-sdk/direct-go/client.go:393.12,394.31 1 0
github.com/f4ah6o/direct-go-sdk/direct-go/client.go:394.31,396.4 1 0
github.com/f4ah6o/direct-go-sdk/direct-go/client.go:401.116,404.19 2 38
github.com/f4ah6o/direct-go-sdk/direct-go/client.go:404.19,406.21 2 0
github.com/f4ah6o/direct-go-sdk/direct-go/client.go:406.21,408.4 1 0
github.com/f4ah6o/direct-go-sdk/direct-go/client.go:409.3,409.9 1 0
github.com/f4ah6o/direct-go-sdk/direct-go/client.go:412.2,427.16 6 38
github.com/f4ah6o/direct-go-sdk/direct-go/client.go:427.16,428.21 1 0
github.com/f4ah6o/direct-go-sdk/direct-go/client.go:428.21,430.4 1 0
github.com/f4ah6o/direct-go-sdk/direct-go/client.go:431.3,431.9 1 0
github.com/f4ah6o/direct-go-sdk/direct-go/client.go:434.2,438.16 4 38
github.com/f4ah6o/direct-go-sdk/direct-go/client.go:438.16,439.21 1 0
github.com/f4ah6o/direct-go-sdk/direct-go/client.go:439.21,441.4 1 0
github.com/f4ah6o/direct-go-sdk/direct-go/client.go:449.81,453.50 3 33
github.com/f4ah6o/direct-go-sdk/direct-go/client.go:453.50,455.3 1 32
github.com/f4ah6o/direct-go-sdk/direct-go/client.go:455.27,457.3 1 1
github.com/f4ah6o/direct-go-sdk/direct-go/client.go:459.2,459.9 1 33
github.com/f4ah6o/direct-go-sdk/direct-go/client.go:460.28,461.21 1 32
github.com/f4ah6o/direct-go-sdk/direct-go/client.go:462.22,463.47 1 1
github.com/f4ah6o/direct-go-sdk/direct-go/client.go:464.38,465.40 1 0
github.com/f4ah6o/direct-go-sdk/direct-go/client.go:473.83,476.2 2 0
github.com/f4ah6o/direct-go-sdk/direct-go/client.go:481.61,485.62 2 0
github.com/f4ah6o/direct-go-sdk/direct-go/client.go:485.62,487.3 1 0
github.com/f4ah6o/direct-go-sdk/direct-go/client.go:488.2,489.12 2 0
github.com/f4ah6o/direct-go-sdk/direct-go/client.go:493.29,496.6 2 33
github.com/f4ah6o/direct-go-sdk/direct-go/client.go:496.6,498.15 2 71
github.com/f4ah6o/direct-go-sdk/direct-go/client.go:498.15,501.4 2 0
github.com/f4ah6o/direct-go-sdk/direct-go/client.go:502.3,506.17 4 71
github.com/f4ah6o/direct-go-sdk/direct-go/client.go:506.17,507.17 1 33
github.com/f4ah6o/direct-go-sdk/direct-go/client.go:507.17,510.5 2 0
github.com/f4ah6o/direct-go-sdk/direct-go/client.go:511.4,511.10 1 33
github.com/f4ah6o/direct-go-sdk/direct-go/client.go:514.3,516.24 2 38
github.com/f4ah6o/direct-go-sdk/direct-go/client.go:521.45,524.58 2 38
github.com/f4ah6o/direct-go-sdk/direct-go/client.go:524.58,528.3 3 0
github.com/f4ah6o/direct-go-sdk/direct-go/client.go:530.2,532.22 2 38
github.com/f4ah6o/direct-go-sdk/direct-go/client.go:532.22,535.3 2 0
github.com/f4ah6o/direct-go-sdk/direct-go/client.go:538.2,539.9 2 38
github.com/f4ah6o/direct-go-sdk/direct-go/client.go:539.9,542.3 2 0
github.com/f4ah6o/direct-go-sdk/direct-go/client.go:544.2,546.17 2 38
github.com/f4ah6o/direct-go-sdk/direct-go/client.go:547.19,549.28 1 38
github.com/f4ah6o/direct-go-sdk/direct-go/client.go:551.18,553.32 1 0
github.com/f4ah6o/direct-go-sdk/direct-go/client.go:558.56,560.9 2 38
github.com/f4ah6o/direct-go-sdk/direct-go/client.go:560.9,562.3 1 0
github.com/f4ah6o/direct-go-sdk/direct-go/client.go:564.2,569.20 5 38
github.com/f4ah6o/direct-go-sdk/direct-go/client.go:569.20,571.3 1 0
github.com/f4ah6o/direct-go-sdk/direct-go/client.go:573.2,576.19 3 38
github.com/f4ah6o/direct-go-sdk/direct-go/client.go:576.19,577.29 1 1
github.com/f4ah6o/direct-go-sdk/direct-go/client.go:577.29,579.4 1 1
github.com/f4ah6o/direct-go-sdk/direct-go/client.go:580.8,581.31 1 37
github.com/f4ah6o/direct-go-sdk/direct-go/client.go:581.31,583.4 1 37
github.com/f4ah6o/direct-go-sdk/direct-go/client.go:588.60,589.22 1 0
github.com/f4ah6o/direct-go-sdk/direct-go/client.go:589.22,592.3 2 0
github.com/f4ah6o/direct-go-sdk/direct-go/client.go:594.2,596.9 3 0
github.com/f4ah6o/direct-go-sdk/direct-go/client.go:596.9,599.3 2 0
github.com/f4ah6o/direct-go-sdk/direct-go/client.go:601.2,604.29 3 0
github.com/f4ah6o/direct-go-sdk/direct-go/client.go:604.29,607.3 2 0
github.com/f4ah6o/direct-go-sdk/direct-go/client.go:609.2,615.69 3 0
github.com/f4ah6o/direct-go-sdk/direct-go/client.go:615.69,619.3 3 0
github.com/f4ah6o/direct-go-sdk/direct-go/client.go:622.2,624.16 3 0
github.com/f4ah6o/direct-go-sdk/direct-go/client.go:624.16,626.20 2 0
github.com/f4ah6o/direct-go-sdk/direct-go/client.go:626.20,628.4 1 0
github.com/f4ah6o/direct-go-sdk/direct-go/client.go:629.3,629.16 1 0
github.com/f4ah6o/direct-go-sdk/direct-go/client.go:634.62,639.44 3 0
github.com/f4ah6o/direct-go-sdk/direct-go/client.go:639.44,643.34 3 0
github.com/f4ah6o/direct-go-sdk/direct-go/client.go:643.34,645.4 1 0
github.com/f4ah6o/direct-go-sdk/direct-go/client.go:646.3,646.49 1 0
github.com/f4ah6o/direct-go-sdk/direct-go/client.go:646.49,649.4 2 0
github.com/f4ah6o/direct-go-sdk/direct-go/client.go:649.9,651.4 1 0
github.com/f4ah6o/direct-go-sdk/direct-go/client.go:652.3,652.17 1 0
github.com/f4ah6o/direct-go-sdk/direct-go/client.go:655.2,657.18 2 0
github.com/f4ah6o/direct-go-sdk/direct-go/client.go:657.18,658.10 1 0
github.com/f4ah6o/direct-go-sdk/direct-go/client.go:659.26,659.26 0 0
github.com/f4ah6o/direct-go-sdk/direct-go/client.go:660.11,660.11 0 0
github.com/f4ah6o/direct-go-sdk/direct-go/client.go:667.53,671.9 3 4
github.com/f4ah6o/direct-go-sdk/direct-go/client.go:671.9,674.3 2 0
github.com/f4ah6o/direct-go-sdk/direct-go/client.go:676.2,678.35 2 4
github.com/f4ah6o/direct-go-sdk/direct-go/client.go:678.35,680.3 1 0
github.com/f4ah6o/direct-go-sdk/direct-go/client.go:680.8,680.34 1 4
github.com/f4ah6o/direct-go-sdk/direct-go/client.go:680.34,682.3 1 4
github.com/f4ah6o/direct-go-sdk/direct-go/client.go:683.2,683.36 1 4
github.com/f4ah6o/direct-go-sdk/direct-go/client.go:683.36,686.3 2 4
github.com/f4ah6o/direct-go-sdk/direct-go/client.go:687.2,687.36 1 4
github.com/f4ah6o/direct-go-sdk/direct-go/client.go:687.36,689.3 1 4
github.com/f4ah6o/direct-go-sdk/direct-go/client.go:690.2,690.40 1 4
github.com/f4ah6o/direct-go-sdk/direct-go/client.go:690.40,692.3 1 0
github.com/f4ah6o/direct-go-sdk/direct-go/client.go:693.2,693.37 1 4
github.com/f4ah6o/direct-go-sdk/direct-go/client.go:693.37,696.39 3 4
github.com/f4ah6o/direct-go-sdk/direct-go/client.go:696.39,698.4 1 4
github.com/f4ah6o/direct-go-sdk/direct-go/client.go:698.9,698.68 1 0
github.com/f4ah6o/direct-go-sdk/direct-go/client.go:698.68,699.51 1 0
github.com/f4ah6o/direct-go-sdk/direct-go/client.go:699.51,701.5 1 0
github.com/f4ah6o/direct-go-sdk/direct-go/client.go:704.2,704.34 1 4
github.com/f4ah6o/direct-go-sdk/direct-go/client.go:704.34,705.36 1 4
github.com/f4ah6o/direct-go-sdk/direct-go/client.go:705.36,707.4 1 4
github.com/f4ah6o/direct-go-sdk/direct-go/client.go:710.2,713.49 2 4
github.com/f4ah6o/direct-go-sdk/direct-go/client.go:713.49,715.3 1 4
github.com/f4ah6o/direct-go-sdk/direct-go/client.go:717.2,717.12 1 4
github.com/f4ah6o/direct-go-sdk/direct-go/client.go:721.52,723.19 2 4
github.com/f4ah6o/direct-go-sdk/direct-go/client.go:723.19,725.3 1 22
github.com/f4ah6o/direct-go-sdk/direct-go/client.go:726.2,726.13 1 4
github.com/f4ah6o/direct-go-sdk/direct-go/client.go:730.43,731.23 1 80
github.com/f4ah6o/direct-go-sdk/direct-go/client.go:732.11,733.24 1 0
github.com/f4ah6o/direct-go-sdk/direct-go/client.go:734.12,735.24 1 42
github.com/f4ah6o/direct-go-sdk/direct-go/client.go:736.13,737.24 1 0
github.com/f4ah6o/direct-go-sdk/direct-go/client.go:738.13,739.24 1 0
github.com/f4ah6o/direct-go-sdk/direct-go/client.go:740.13,741.17 1 38
github.com/f4ah6o/direct-go-sdk/direct-go/client.go:742.12,743.24 1 0
github.com/f4ah6o/direct-go-sdk/direct-go/client.go:744.13,745.24 1 0
github.com/f4ah6o/direct-go-sdk/direct-go/client.go:746.14,747.24 1 0
github.com/f4ah6o/direct-go-sdk/direct-go/client.go:748.14,749.24 1 0
github.com/f4ah6o/direct-go-sdk/direct-go/client.go:750.14,751.24 1 0
github.com/f4ah6o/direct-go-sdk/direct-go/client.go:752.15,753.24 1 0
github.com/f4ah6o/direct-go-sdk/direct-go/client.go:754.15,755.24 1 0
github.com/f4ah6o/direct-go-sdk/direct-go/client.go:756.10,757.18 1 0
github.com/f4ah6o/direct-go-sdk/direct-go/client.go:762.55,767.29 4 2
github.com/f4ah6o/direct-go-sdk/direct-go/client.go:767.29,769.3 1 0
github.com/f4ah6o/direct-go-sdk/direct-go/client.go:775.75,777.16 2 0
github.com/f4ah6o/direct-go-sdk/direct-go/client.go:777.16,779.3 1 0
github.com/f4ah6o/direct-go-sdk/direct-go/client.go:781.2,782.43 2 0
github.com/f4ah6o/direct-go-sdk/direct-go/client.go:782.43,783.28 1 0
github.com/f4ah6o/direct-go-sdk/direct-go/client.go:783.28,784.57 1 0
github.com/f4ah6o/direct-go-sdk/direct-go/client.go:784.57,787.5 2 0
github.com/f4ah6o/direct-go-sdk/direct-go/client.go:791.2,791.19 1 0
github.com/f4ah6o/direct-go-sdk/direct-go/client.go:796.88,798.16 2 0
github.com/f4ah6o/direct-go-sdk/direct-go/client.go:798.16,800.3 1 0
github.com/f4ah6o/direct-go-sdk/direct-go/client.go:802.2,803.43 2 0
github.com/f4ah6o/direct-go-sdk/direct-go/client.go:803.43,804.28 1 0
github.com/f4ah6o/direct-go-sdk/direct-go/client.go:804.28,805.59 1 0
github.com/f4ah6o/direct-go-sdk/direct-go/client.go:805.59,807.43 2 0
github.com/f4ah6o/direct-go-sdk/direct-go/client.go:807.43,809.6 1 0
github.com/f4ah6o/direct-go-sdk/direct-go/client.go:810.5,810.54 1 0
github.com/f4ah6o/direct-go-sdk/direct-go/client.go:810.54,812.6 1 0
github.com/f4ah6o/direct-go-sdk/direct-go/client.go:813.5,813.49 1 0
github.com/f4ah6o/direct-go-sdk/direct-go/client.go:813.49,815.6 1 0
github.com/f4ah6o/direct-go-sdk/direct-go/client.go:816.5,816.40 1 0
github.com/f4ah6o/direct-go-sdk/direct-go/client.go:821.2,821.22 1 0
github.com/f4ah6o/direct-go-sdk/direct-go/client.go:827.75,829.16 2 1
github.com/f4ah6o/direct-go-sdk/direct-go/client.go:829.16,831.3 1 0
github.com/f4ah6o/direct-go-sdk/direct-go/client.go:833.2,833.57 1 1
github.com/f4ah6o/direct-go-sdk/direct-go/client.go:833.57,836.3 2 1
github.com/f4ah6o/direct-go-sdk/direct-go/client.go:838.2,838.17 1 0
github.com/f4ah6o/direct-go-sdk/direct-go/client.go:844.93,847.2 2 1
github.com/f4ah6o/direct-go-sdk/direct-go/client.go:853.50,855.2 1 0
github.com/f4ah6o/direct-go-sdk/direct-go/client.go:859.52,861.2 1 0
github.com/f4ah6o/direct-go-sdk/direct-go/client.go:865.58,867.2 1 0
github.com/f4ah6o/direct-go-sdk/direct-go/client.go:871.80,873.2 1 0
github.com/f4ah6o/direct-go-sdk/direct-go/client.go:877.47,879.2 1 0
github.com/f4ah6o/direct-go-sdk/direct-go/conference.go:33.76,35.16 2 0
github.com/f4ah6o/direct-go-sdk/direct-go/conference.go:35.16,37.3 1 0
github.com/f4ah6o/direct-go-sdk/direct-go/conference.go:39.2,40.43 2 0
github.com/f4ah6o/direct-go-sdk/direct-go/conference.go:40.43,41.28 1 0
github.com/f4ah6o/direct-go-sdk/direct-go/conference.go:41.28,42.57 1 0
github.com/f4ah6o/direct-go-sdk/direct-go/conference.go:42.57,45.5 2 0
github.com/f4ah6o/direct-go-sdk/direct-go/conference.go:49.2,49.25 1 0
github.com/f4ah6o/direct-go-sdk/direct-go/conference.go:54.114,57.16 3 0
github.com/f4ah6o/direct-go-sdk/direct-go/conference.go:57.16,59.3 1 0
github.com/f4ah6o/direct-go-sdk/direct-go/conference.go:61.2,61.43 1 0
github.com/f4ah6o/direct-go-sdk/direct-go/conference.go:61.43,63.3 1 0
github.com/f4ah6o/direct-go-sdk/direct-go/conference.go:65.2,65.29 1 0
github.com/f4ah6o/direct-go-sdk/direct-go/conference.go:70.109,73.16 3 0
github.com/f4ah6o/direct-go-sdk/direct-go/conference.go:73.16,75.3 1 0
github.com/f4ah6o/direct-go-sdk/direct-go/conference.go:77.2,77.57 1 0
github.com/f4ah6o/direct-go-sdk/direct-go/conference.go:77.57,79.3 1 0
github.com/f4ah6o/direct-go-sdk/direct-go/conference.go:81.2,81.17 1 0
github.com/f4ah6o/direct-go-sdk/direct-go/conference.go:85.87,89.2 3 0
github.com/f4ah6o/direct-go-sdk/direct-go/conference.go:92.88,96.2 3 0
github.com/f4ah6o/direct-go-sdk/direct-go/conference.go:100.63,103.29 2 0
github.com/f4ah6o/direct-go-sdk/direct-go/conference.go:103.29,105.3 1 0
github.com/f4ah6o/direct-go-sdk/direct-go/conference.go:106.2,106.40 1 0
github.com/f4ah6o/direct-go-sdk/direct-go/conference.go:106.40,108.3 1 0
github.com/f4ah6o/direct-go-sdk/direct-go/conference.go:109.2,109.34 1 0
github.com/f4ah6o/direct-go-sdk/direct-go/conference.go:109.34,111.3 1 0
github.com/f4ah6o/direct-go-sdk/direct-go/conference.go:112.2,112.36 1 0
github.com/f4ah6o/direct-go-sdk/direct-go/conference.go:112.36,114.3 1 0
github.com/f4ah6o/direct-go-sdk/direct-go/conference.go:115.2,115.34 1 0
github.com/f4ah6o/direct-go-sdk/direct-go/conference.go:115.34,117.3 1 0
github.com/f4ah6o/direct-go-sdk/direct-go/conference.go:118.2,118.37 1 0
github.com/f4ah6o/direct-go-sdk/direct-go/conference.go:118.37,120.3 1 0
github.com/f4ah6o/direct-go-sdk/direct-go/conference.go:121.2,121.45 1 0
github.com/f4ah6o/direct-go-sdk/direct-go/conference.go:121.45,123.3 1 0
github.com/f4ah6o/direct-go-sdk/direct-go/conference.go:124.2,124.45 1 0
github.com/f4ah6o/direct-go-sdk/direct-go/conference.go:124.45,126.3 1 0
github.com/f4ah6o/direct-go-sdk/direct-go/conference.go:127.2,127.55 1 0
github.com/f4ah6o/direct-go-sdk/direct-go/conference.go:127.55,129.3 1 0
github.com/f4ah6o/direct-go-sdk/direct-go/conference.go:130.2,130.47 1 0
github.com/f4ah6o/direct-go-sdk/direct-go/conference.go:130.47,132.3 1 0
github.com/f4ah6o/direct-go-sdk/direct-go/conference.go:134.2,134.13 1 0
github.com/f4ah6o/direct-go-sdk/direct-go/conference.go:137.79,140.40 2 0
github.com/f4ah6o/direct-go-sdk/direct-go/conference.go:140.40,142.3 1 0
github.com/f4ah6o/direct-go-sdk/direct-go/conference.go:143.2,143.45 1 0
github.com/f4ah6o/direct-go-sdk/direct-go/conference.go:143.45,145.3 1 0
github.com/f4ah6o/direct-go-sdk/direct-go/conference.go:146.2,146.46 1 0
github.com/f4ah6o/direct-go-sdk/direct-go/conference.go:146.46,148.3 1 0
github.com/f4ah6o/direct-go-sdk/direct-go/conference.go:149.2,149.40 1 0
github.com/f4ah6o/direct-go-sdk/direct-go/conference.go:149.40,151.3 1 0
github.com/f4ah6o/direct-go-sdk/direct-go/conference.go:152.2,152.44 1 0
github.com/f4ah6o/direct-go-sdk/direct-go/conference.go:152.44,154.3 1 0
github.com/f4ah6o/direct-go-sdk/direct-go/conference.go:155.2,155.47 1 0
github.com/f4ah6o/direct-go-sdk/direct-go/conference.go:155.47,157.3 1 0
github.com/f4ah6o/direct-go-sdk/direct-go/conference.go:159.2,159.13 1 0
github.com/f4ah6o/direct-go-sdk/direct-go/departments.go:31.104,34.16 3 0
github.com/f4ah6o/direct-go-sdk/direct-go/departments.go:34.16,36.3 1 0
github.com/f4ah6o/direct-go-sdk/direct-go/departments.go:38.2,39.57 2 0
github.com/f4ah6o/direct-go-sdk/direct-go/departments.go:39.57,40.41 1 0
github.com/f4ah6o/direct-go-sdk/direct-go/departments.go:40.41,42.4 1 0
github.com/f4ah6o/direct-go-sdk/direct-go/departments.go:43.3,43.69 1 0
github.com/f4ah6o/direct-go-sdk/direct-go/departments.go:43.69,44.37 1 0
github.com/f4ah6o/direct-go-sdk/direct-go/departments.go:44.37,45.58 1 0
github.com/f4ah6o/direct-go-sdk/direct-go/departments.go:45.58,47.37 2 0
github.com/f4ah6o/direct-go-sdk/direct-go/departments.go:47.37,49.7 1 0
github.com/f4ah6o/direct-go-sdk/direct-go/departments.go:50.6,50.48 1 0
github.com/f4ah6o/direct-go-sdk/direct-go/departments.go:50.48,52.7 1 0
github.com/f4ah6o/direct-go-sdk/direct-go/departments.go:53.6,53.44 1 0
github.com/f4ah6o/direct-go-sdk/direct-go/departments.go:53.44,55.7 1 0
github.com/f4ah6o/direct-go-sdk/direct-go/departments.go:56.6,56.63 1 0
github.com/f4ah6o/direct-go-sdk/direct-go/departments.go:56.63,58.7 1 0
github.com/f4ah6o/direct-go-sdk/direct-go/departments.go:59.6,59.51 1 0
github.com/f4ah6o/direct-go-sdk/direct-go/departments.go:59.51,61.7 1 0
github.com/f4ah6o/direct-go-sdk/direct-go/departments.go:62.6,62.55 1 0
github.com/f4ah6o/direct-go-sdk/direct-go/departments.go:68.2,68.18 1 0
github.com/f4ah6o/direct-go-sdk/direct-go/departments.go:73.114,76.16 3 0
github.com/f4ah6o/direct-go-sdk/direct-go/departments.go:76.16,78.3 1 0
github.com/f4ah6o/direct-go-sdk/direct-go/departments.go:80.2,81.43 2 0
github.com/f4ah6o/direct-go-sdk/direct-go/departments.go:81.43,82.28 1 0
github.com/f4ah6o/direct-go-sdk/direct-go/departments.go:82.28,83.57 1 0
github.com/f4ah6o/direct-go-sdk/direct-go/departments.go:83.57,86.5 2 0
github.com/f4ah6o/direct-go-sdk/direct-go/departments.go:90.2,90.19 1 0
github.com/f4ah6o/direct-go-sdk/direct-go/departments.go:95.115,98.16 3 0
github.com/f4ah6o/direct-go-sdk/direct-go/departments.go:98.16,100.3 1 0
github.com/f4ah6o/direct-go-sdk/direct-go/departments.go:102.2,103.59 2 0
github.com/f4ah6o/direct-go-sdk/direct-go/departments.go:103.59,104.71 1 0
github.com/f4ah6o/direct-go-sdk/direct-go/departments.go:104.71,105.37 1 0
github.com/f4ah6o/direct-go-sdk/direct-go/departments.go:105.37,106.59 1 0
github.com/f4ah6o/direct-go-sdk/direct-go/departments.go:106.59,108.49 2 0
github.com/f4ah6o/direct-go-sdk/direct-go/departments.go:108.49,110.7 1 0
github.com/f4ah6o/direct-go-sdk/direct-go/departments.go:111.6,111.45 1 0
github.com/f4ah6o/direct-go-sdk/direct-go/departments.go:111.45,113.7 1 0
github.com/f4ah6o/direct-go-sdk/direct-go/departments.go:114.6,114.49 1 0
github.com/f4ah6o/direct-go-sdk/direct-go/departments.go:114.49,116.7 1 0
github.com/f4ah6o/direct-go-sdk/direct-go/departments.go:117.6,117.36 1 0
github.com/f4ah6o/direct-go-sdk/direct-go/departments.go:123.2,123.20 1 0
github.com/f4ah6o/direct-go-sdk/direct-go/domains.go:29.83,31.16 2 1
github.com/f4ah6o/direct-go-sdk/direct-go/domains.go:31.16,33.3 1 0
github.com/f4ah6o/direct-go-sdk/direct-go/domains.go:35.2,36.43 2 1
github.com/f4ah6o/direct-go-sdk/direct-go/domains.go:36.43,37.28 1 1
github.com/f4ah6o/direct-go-sdk/direct-go/domains.go:37.28,38.59 1 2
github.com/f4ah6o/direct-go-sdk/direct-go/domains.go:38.59,41.5 2 2
github.com/f4ah6o/direct-go-sdk/direct-go/domains.go:45.2,45.21 1 1
github.com/f4ah6o/direct-go-sdk/direct-go/domains.go:51.95,53.16 2 1
github.com/f4ah6o/direct-go-sdk/direct-go/domains.go:53.16,55.3 1 0
github.com/f4ah6o/direct-go-sdk/direct-go/domains.go:57.2,58.43 2 1
github.com/f4ah6o/direct-go-sdk/direct-go/domains.go:58.43,59.28 1 1
github.com/f4ah6o/direct-go-sdk/direct-go/domains.go:59.28,60.59 1 1
github.com/f4ah6o/direct-go-sdk/direct-go/domains.go:60.59,63.5 2 1
github.com/f4ah6o/direct-go-sdk/direct-go/domains.go:67.2,67.21 1 1
github.com/f4ah6o/direct-go-sdk/direct-go/domains.go:73.112,76.16 3 1
github.com/f4ah6o/direct-go-sdk/direct-go/domains.go:76.16,78.3 1 0
github.com/f4ah6o/direct-go-sdk/direct-go/domains.go:80.2,80.59 1 1
github.com/f4ah6o/direct-go-sdk/direct-go/domains.go:80.59,83.3 2 1
github.com/f4ah6o/direct-go-sdk/direct-go/domains.go:85.2,85.17 1 0
github.com/f4ah6o/direct-go-sdk/direct-go/domains.go:89.79,93.2 3 1
github.com/f4ah6o/direct-go-sdk/direct-go/domains.go:97.96,100.16 3 1
github.com/f4ah6o/direct-go-sdk/direct-go/domains.go:100.16,102.3 1 0
github.com/f4ah6o/direct-go-sdk/direct-go/domains.go:104.2,105.43 2 1
github.com/f4ah6o/direct-go-sdk/direct-go/domains.go:105.43,106.28 1 1
github.com/f4ah6o/direct-go-sdk/direct-go/domains.go:106.28,107.57 1 2
github.com/f4ah6o/direct-go-sdk/direct-go/domains.go:107.57,110.5 2 2
github.com/f4ah6o/direct-go-sdk/direct-go/domains.go:114.2,114.19 1 1
github.com/f4ah6o/direct-go-sdk/direct-go/domains.go:119.113,122.16 3 1
github.com/f4ah6o/direct-go-sdk/direct-go/domains.go:122.16,124.3 1 0
github.com/f4ah6o/direct-go-sdk/direct-go/domains.go:126.2,127.43 2 1
github.com/f4ah6o/direct-go-sdk/direct-go/domains.go:127.43,128.28 1 1
github.com/f4ah6o/direct-go-sdk/direct-go/domains.go:128.28,129.57 1 1
github.com/f4ah6o/direct-go-sdk/direct-go/domains.go:129.57,132.5 2 1
github.com/f4ah6o/direct-go-sdk/direct-go/domains.go:136.2,136.19 1 1
github.com/f4ah6o/direct-go-sdk/direct-go/domains.go:140.86,144.2 3 1
github.com/f4ah6o/direct-go-sdk/direct-go/domains.go:148.62,151.29 2 3
github.com/f4ah6o/direct-go-sdk/direct-go/domains.go:151.29,153.3 1 3
github.com/f4ah6o/direct-go-sdk/direct-go/domains.go:154.2,154.36 1 3
github.com/f4ah6o/direct-go-sdk/direct-go/domains.go:154.36,156.3 1 0
github.com/f4ah6o/direct-go-sdk/direct-go/domains.go:157.2,157.40 1 3
github.com/f4ah6o/direct-go-sdk/direct-go/domains.go:157.40,159.3 1 3
github.com/f4ah6o/direct-go-sdk/direct-go/domains.go:160.2,160.47 1 3
github.com/f4ah6o/direct-go-sdk/direct-go/domains.go:160.47,162.3 1 0
github.com/f4ah6o/direct-go-sdk/direct-go/domains.go:163.2,163.45 1 3
github.com/f4ah6o/direct-go-sdk/direct-go/domains.go:163.45,165.3 1 0
github.com/f4ah6o/direct-go-sdk/direct-go/domains.go:166.2,166.35 1 3
github.com/f4ah6o/direct-go-sdk/direct-go/domains.go:166.35,168.3 1 0
github.com/f4ah6o/direct-go-sdk/direct-go/domains.go:169.2,169.34 1 3
github.com/f4ah6o/direct-go-sdk/direct-go/domains.go:169.34,171.3 1 0
github.com/f4ah6o/direct-go-sdk/direct-go/domains.go:172.2,172.31 1 3
github.com/f4ah6o/direct-go-sdk/direct-go/domains.go:172.31,174.3 1 0
github.com/f4ah6o/direct-go-sdk/direct-go/domains.go:175.2,175.40 1 3
github.com/f4ah6o/direct-go-sdk/direct-go/domains.go:175.40,177.3 1 1
github.com/f4ah6o/direct-go-sdk/direct-go/domains.go:179.2,179.15 1 3
github.com/f4ah6o/direct-go-sdk/direct-go/domains.go:182.74,185.29 2 1
github.com/f4ah6o/direct-go-sdk/direct-go/domains.go:185.29,187.3 1 1
github.com/f4ah6o/direct-go-sdk/direct-go/domains.go:188.2,188.36 1 1
github.com/f4ah6o/direct-go-sdk/direct-go/domains.go:188.36,190.3 1 0
github.com/f4ah6o/direct-go-sdk/direct-go/domains.go:191.2,191.40 1 1
github.com/f4ah6o/direct-go-sdk/direct-go/domains.go:191.40,193.3 1 1
github.com/f4ah6o/direct-go-sdk/direct-go/domains.go:194.2,194.47 1 1
github.com/f4ah6o/direct-go-sdk/direct-go/domains.go:194.47,196.3 1 0
github.com/f4ah6o/direct-go-sdk/direct-go/domains.go:197.2,197.53 1 1
github.com/f4ah6o/direct-go-sdk/direct-go/domains.go:197.53,199.3 1 0
github.com/f4ah6o/direct-go-sdk/direct-go/domains.go:200.2,200.45 1 1
github.com/f4ah6o/direct-go-sdk/direct-go/domains.go:200.45,202.3 1 1
github.com/f4ah6o/direct-go-sdk/direct-go/domains.go:204.2,204.15 1 1
github.com/f4ah6o/direct-go-sdk/direct-go/files.go:41.135,44.16 3 0
github.com/f4ah6o/direct-go-sdk/direct-go/files.go:44.16,46.3 1 0
github.com/f4ah6o/direct-go-sdk/direct-go/files.go:48.2,49.57 2 0
github.com/f4ah6o/direct-go-sdk/direct-go/files.go:49.57,50.39 1 0
github.com/f4ah6o/direct-go-sdk/direct-go/files.go:50.39,52.4 1 0
github.com/f4ah6o/direct-go-sdk/direct-go/files.go:53.3,53.49 1 0
github.com/f4ah6o/direct-go-sdk/direct-go/files.go:53.49,55.4 1 0
github.com/f4ah6o/direct-go-sdk/direct-go/files.go:56.3,56.48 1 0
github.com/f4ah6o/direct-go-sdk/direct-go/files.go:56.48,58.4 1 0
github.com/f4ah6o/direct-go-sdk/direct-go/files.go:59.3,59.66 1 0
github.com/f4ah6o/direct-go-sdk/direct-go/files.go:59.66,61.26 2 0
github.com/f4ah6o/direct-go-sdk/direct-go/files.go:61.26,62.36 1 0
github.com/f4ah6o/direct-go-sdk/direct-go/files.go:62.36,64.6 1 0
github.com/f4ah6o/direct-go-sdk/direct-go/files.go:69.2,69.18 1 0
github.com/f4ah6o/direct-go-sdk/direct-go/files.go:74.107,77.16 3 0
github.com/f4ah6o/direct-go-sdk/direct-go/files.go:77.16,79.3 1 0
github.com/f4ah6o/direct-go-sdk/direct-go/files.go:81.2,82.43 2 0
github.com/f4ah6o/direct-go-sdk/direct-go/files.go:82.43,83.28 1 0
github.com/f4ah6o/direct-go-sdk/direct-go/files.go:83.28,84.59 1 0
github.com/f4ah6o/direct-go-sdk/direct-go/files.go:84.59,87.5 2 0
github.com/f4ah6o/direct-go-sdk/direct-go/files.go:91.2,91.25 1 0
github.com/f4ah6o/direct-go-sdk/direct-go/files.go:95.88,99.2 3 0
github.com/f4ah6o/direct-go-sdk/direct-go/files.go:103.113,106.16 3 0
github.com/f4ah6o/direct-go-sdk/direct-go/files.go:106.16,108.3 1 0
github.com/f4ah6o/direct-go-sdk/direct-go/files.go:110.2,111.43 2 0
github.com/f4ah6o/direct-go-sdk/direct-go/files.go:111.43,112.28 1 0
github.com/f4ah6o/direct-go-sdk/direct-go/files.go:112.28,113.59 1 0
github.com/f4ah6o/direct-go-sdk/direct-go/files.go:113.59,116.5 2 0
github.com/f4ah6o/direct-go-sdk/direct-go/files.go:120.2,120.25 1 0
github.com/f4ah6o/direct-go-sdk/direct-go/files.go:125.99,128.16 3 0
github.com/f4ah6o/direct-go-sdk/direct-go/files.go:128.16,130.3 1 0
github.com/f4ah6o/direct-go-sdk/direct-go/files.go:132.2,132.60 1 0
github.com/f4ah6o/direct-go-sdk/direct-go/files.go:132.60,134.3 1 0
github.com/f4ah6o/direct-go-sdk/direct-go/files.go:136.2,136.17 1 0
github.com/f4ah6o/direct-go-sdk/direct-go/files.go:141.96,144.16 3 0
github.com/f4ah6o/direct-go-sdk/direct-go/files.go:144.16,146.3 1 0
github.com/f4ah6o/direct-go-sdk/direct-go/files.go:148.2,148.60 1 0
github.com/f4ah6o/direct-go-sdk/direct-go/files.go:148.60,150.3 1 0
github.com/f4ah6o/direct-go-sdk/direct-go/files.go:152.2,152.17 1 0
github.com/f4ah6o/direct-go-sdk/direct-go/files.go:157.62,160.29 2 0
github.com/f4ah6o/direct-go-sdk/direct-go/files.go:160.29,162.3 1 0
github.com/f4ah6o/direct-go-sdk/direct-go/files.go:163.2,163.37 1 0
github.com/f4ah6o/direct-go-sdk/direct-go/files.go:163.37,165.3 1 0
github.com/f4ah6o/direct-go-sdk/direct-go/files.go:166.2,166.34 1 0
github.com/f4ah6o/direct-go-sdk/direct-go/files.go:166.34,168.3 1 0
github.com/f4ah6o/direct-go-sdk/direct-go/files.go:169.2,169.34 1 0
github.com/f4ah6o/direct-go-sdk/direct-go/files.go:169.34,171.3 1 0
github.com/f4ah6o/direct-go-sdk/direct-go/files.go:172.2,172.40 1 0
github.com/f4ah6o/direct-go-sdk/direct-go/files.go:172.40,174.3 1 0
github.com/f4ah6o/direct-go-sdk/direct-go/files.go:175.2,175.48 1 0
github.com/f4ah6o/direct-go-sdk/direct-go/files.go:175.48,177.3 1 0
github.com/f4ah6o/direct-go-sdk/direct-go/files.go:178.2,178.47 1 0
github.com/f4ah6o/direct-go-sdk/direct-go/files.go:178.47,180.3 1 0
github.com/f4ah6o/direct-go-sdk/direct-go/files.go:181.2,181.39 1 0
github.com/f4ah6o/direct-go-sdk/direct-go/files.go:181.39,183.3 1 0
github.com/f4ah6o/direct-go-sdk/direct-go/files.go:184.2,184.45 1 0
github.com/f4ah6o/direct-go-sdk/direct-go/files.go:184.45,186.3 1 0
github.com/f4ah6o/direct-go-sdk/direct-go/files.go:188.2,188.19 1 0
github.com/f4ah6o/direct-go-sdk/direct-go/files.go:191.65,194.34 2 0
github.com/f4ah6o/direct-go-sdk/direct-go/files.go:194.34,196.3 1 0
github.com/f4ah6o/direct-go-sdk/direct-go/files.go:197.2,197.42 1 0
github.com/f4ah6o/direct-go-sdk/direct-go/files.go:197.42,199.3 1 0
github.com/f4ah6o/direct-go-sdk/direct-go/files.go:200.2,200.47 1 0
github.com/f4ah6o/direct-go-sdk/direct-go/files.go:200.47,202.3 1 0
github.com/f4ah6o/direct-go-sdk/direct-go/files.go:203.2,203.39 1 0
github.com/f4ah6o/direct-go-sdk/direct-go/files.go:203.39,205.3 1 0
github.com/f4ah6o/direct-go-sdk/direct-go/files.go:206.2,206.39 1 0
github.com/f4ah6o/direct-go-sdk/direct-go/files.go:206.39,208.3 1 0
github.com/f4ah6o/direct-go-sdk/direct-go/files.go:210.2,210.16 1 0
github.com/f4ah6o/direct-go-sdk/direct-go/message_operations.go:57.134,58.17 1 2
github.com/f4ah6o/direct-go-sdk/direct-go/message_operations.go:58.17,60.3 1 1
github.com/f4ah6o/direct-go-sdk/direct-go/message_operations.go:61.2,61.21 1 2
github.com/f4ah6o/direct-go-sdk/direct-go/message_operations.go:61.21,63.3 1 0
github.com/f4ah6o/direct-go-sdk/direct-go/message_operations.go:65.2,67.16 3 2
github.com/f4ah6o/direct-go-sdk/direct-go/message_operations.go:67.16,69.3 1 0
github.com/f4ah6o/direct-go-sdk/direct-go/message_operations.go:72.2,73.43 2 2
github.com/f4ah6o/direct-go-sdk/direct-go/message_operations.go:73.43,74.28 1 2
github.com/f4ah6o/direct-go-sdk/direct-go/message_operations.go:74.28,75.56 1 2
github.com/f4ah6o/direct-go-sdk/direct-go/message_operations.go:75.56,78.5 2 2
github.com/f4ah6o/direct-go-sdk/direct-go/message_operations.go:82.2,82.22 1 2
github.com/f4ah6o/direct-go-sdk/direct-go/message_operations.go:92.92,96.2 3 1
github.com/f4ah6o/direct-go-sdk/direct-go/message_operations.go:108.162,111.16 3 1
github.com/f4ah6o/direct-go-sdk/direct-go/message_operations.go:111.16,113.3 1 0
github.com/f4ah6o/direct-go-sdk/direct-go/message_operations.go:116.2,120.58 2 1
github.com/f4ah6o/direct-go-sdk/direct-go/message_operations.go:120.58,121.48 1 1
github.com/f4ah6o/direct-go-sdk/direct-go/message_operations.go:121.48,123.4 1 0
github.com/f4ah6o/direct-go-sdk/direct-go/message_operations.go:124.3,124.39 1 1
github.com/f4ah6o/direct-go-sdk/direct-go/message_operations.go:124.39,126.4 1 1
github.com/f4ah6o/direct-go-sdk/direct-go/message_operations.go:127.3,127.44 1 1
github.com/f4ah6o/direct-go-sdk/direct-go/message_operations.go:127.44,129.4 1 1
github.com/f4ah6o/direct-go-sdk/direct-go/message_operations.go:130.3,130.64 1 1
github.com/f4ah6o/direct-go-sdk/direct-go/message_operations.go:130.64,131.34 1 1
github.com/f4ah6o/direct-go-sdk/direct-go/message_operations.go:131.34,132.60 1 1
github.com/f4ah6o/direct-go-sdk/direct-go/message_operations.go:132.60,134.75 2 1
github.com/f4ah6o/direct-go-sdk/direct-go/message_operations.go:134.75,136.7 1 1
github.com/f4ah6o/direct-go-sdk/direct-go/message_operations.go:137.6,137.44 1 1
github.com/f4ah6o/direct-go-sdk/direct-go/message_operations.go:137.44,139.7 1 1
github.com/f4ah6o/direct-go-sdk/direct-go/message_operations.go:140.6,140.46 1 1
github.com/f4ah6o/direct-go-sdk/direct-go/message_operations.go:140.46,142.7 1 1
github.com/f4ah6o/direct-go-sdk/direct-go/message_operations.go:143.6,143.62 1 1
github.com/f4ah6o/direct-go-sdk/direct-go/message_operations.go:143.62,145.7 1 1
github.com/f4ah6o/direct-go-sdk/direct-go/message_operations.go:146.6,146.68 1 1
github.com/f4ah6o/direct-go-sdk/direct-go/message_operations.go:152.2,152.26 1 1
github.com/f4ah6o/direct-go-sdk/direct-go/message_operations.go:156.86,158.16 2 1
github.com/f4ah6o/direct-go-sdk/direct-go/message_operations.go:158.16,160.3 1 0
github.com/f4ah6o/direct-go-sdk/direct-go/message_operations.go:162.2,163.43 2 1
github.com/f4ah6o/direct-go-sdk/direct-go/message_operations.go:163.43,164.28 1 1
github.com/f4ah6o/direct-go-sdk/direct-go/message_operations.go:164.28,165.56 1 1
github.com/f4ah6o/direct-go-sdk/direct-go/message_operations.go:165.56,168.5 2 1
github.com/f4ah6o/direct-go-sdk/direct-go/message_operations.go:172.2,172.22 1 1
github.com/f4ah6o/direct-go-sdk/direct-go/message_operations.go:176.87,180.2 3 1
github.com/f4ah6o/direct-go-sdk/direct-go/message_operations.go:183.90,187.2 3 1
github.com/f4ah6o/direct-go-sdk/direct-go/message_operations.go:201.88,203.16 2 1
github.com/f4ah6o/direct-go-sdk/direct-go/message_operations.go:203.16,205.3 1 0
github.com/f4ah6o/direct-go-sdk/direct-go/message_operations.go:207.2,208.43 2 1
github.com/f4ah6o/direct-go-sdk/direct-go/message_operations.go:208.43,209.28 1 1
github.com/f4ah6o/direct-go-sdk/direct-go/message_operations.go:209.28,210.56 1 1
github.com/f4ah6o/direct-go-sdk/direct-go/message_operations.go:210.56,212.35 2 1
github.com/f4ah6o/direct-go-sdk/direct-go/message_operations.go:212.35,214.6 1 1
github.com/f4ah6o/direct-go-sdk/direct-go/message_operations.go:215.5,215.40 1 1
github.com/f4ah6o/direct-go-sdk/direct-go/message_operations.go:215.40,217.6 1 1
github.com/f4ah6o/direct-go-sdk/direct-go/message_operations.go:218.5,218.42 1 1
github.com/f4ah6o/direct-go-sdk/direct-go/message_operations.go:218.42,220.6 1 1
github.com/f4ah6o/direct-go-sdk/direct-go/message_operations.go:221.5,221.43 1 1
github.com/f4ah6o/direct-go-sdk/direct-go/message_operations.go:221.43,223.6 1 0
github.com/f4ah6o/direct-go-sdk/direct-go/message_operations.go:224.5,224.40 1 1
github.com/f4ah6o/direct-go-sdk/direct-go/message_operations.go:224.40,226.6 1 1
github.com/f4ah6o/direct-go-sdk/direct-go/message_operations.go:227.5,227.53 1 1
github.com/f4ah6o/direct-go-sdk/direct-go/message_operations.go:227.53,229.6 1 1
github.com/f4ah6o/direct-go-sdk/direct-go/message_operations.go:230.5,230.51 1 1
github.com/f4ah6o/direct-go-sdk/direct-go/message_operations.go:230.51,232.6 1 1
github.com/f4ah6o/direct-go-sdk/direct-go/message_operations.go:233.5,233.37 1 1
github.com/f4ah6o/direct-go-sdk/direct-go/message_operations.go:238.2,238.22 1 1
github.com/f4ah6o/direct-go-sdk/direct-go/message_operations.go:242.167,245.16 3 1
github.com/f4ah6o/direct-go-sdk/direct-go/message_operations.go:245.16,247.3 1 0
github.com/f4ah6o/direct-go-sdk/direct-go/message_operations.go:249.2,250.56 2 1
github.com/f4ah6o/direct-go-sdk/direct-go/message_operations.go:250.56,251.33 1 1
github.com/f4ah6o/direct-go-sdk/direct-go/message_operations.go:251.33,253.4 1 1
github.com/f4ah6o/direct-go-sdk/direct-go/message_operations.go:254.3,254.38 1 1
github.com/f4ah6o/direct-go-sdk/direct-go/message_operations.go:254.38,256.4 1 1
github.com/f4ah6o/direct-go-sdk/direct-go/message_operations.go:257.3,257.40 1 1
github.com/f4ah6o/direct-go-sdk/direct-go/message_operations.go:257.40,259.4 1 1
github.com/f4ah6o/direct-go-sdk/direct-go/message_operations.go:260.3,260.41 1 1
github.com/f4ah6o/direct-go-sdk/direct-go/message_operations.go:260.41,262.4 1 0
github.com/f4ah6o/direct-go-sdk/direct-go/message_operations.go:263.3,263.38 1 1
github.com/f4ah6o/direct-go-sdk/direct-go/message_operations.go:263.38,265.4 1 1
github.com/f4ah6o/direct-go-sdk/direct-go/message_operations.go:266.3,266.51 1 1
github.com/f4ah6o/direct-go-sdk/direct-go/message_operations.go:266.51,268.4 1 1
github.com/f4ah6o/direct-go-sdk/direct-go/message_operations.go:269.3,269.49 1 1
github.com/f4ah6o/direct-go-sdk/direct-go/message_operations.go:269.49,271.4 1 1
github.com/f4ah6o/direct-go-sdk/direct-go/message_operations.go:274.2,274.17 1 1
github.com/f4ah6o/direct-go-sdk/direct-go/message_operations.go:278.91,282.2 3 1
github.com/f4ah6o/direct-go-sdk/direct-go/message_operations.go:285.112,289.2 3 1
github.com/f4ah6o/direct-go-sdk/direct-go/message_operations.go:299.95,301.16 2 1
github.com/f4ah6o/direct-go-sdk/direct-go/message_operations.go:301.16,303.3 1 0
github.com/f4ah6o/direct-go-sdk/direct-go/message_operations.go:305.2,306.43 2 1
github.com/f4ah6o/direct-go-sdk/direct-go/message_operations.go:306.43,307.28 1 1
github.com/f4ah6o/direct-go-sdk/direct-go/message_operations.go:307.28,308.53 1 2
github.com/f4ah6o/direct-go-sdk/direct-go/message_operations.go:308.53,310.32 2 2
github.com/f4ah6o/direct-go-sdk/direct-go/message_operations.go:310.32,312.6 1 2
github.com/f4ah6o/direct-go-sdk/direct-go/message_operations.go:313.5,313.43 1 2
github.com/f4ah6o/direct-go-sdk/direct-go/message_operations.go:313.43,315.6 1 2
github.com/f4ah6o/direct-go-sdk/direct-go/message_operations.go:316.5,316.48 1 2
github.com/f4ah6o/direct-go-sdk/direct-go/message_operations.go:316.48,318.6 1 2
github.com/f4ah6o/direct-go-sdk/direct-go/message_operations.go:319.5,319.44 1 2
github.com/f4ah6o/direct-go-sdk/direct-go/message_operations.go:324.2,324.23 1 1
github.com/f4ah6o/direct-go-sdk/direct-go/message_operations.go:328.99,332.2 3 1
github.com/f4ah6o/direct-go-sdk/direct-go/message_operations.go:335.101,339.2 3 1
github.com/f4ah6o/direct-go-sdk/direct-go/message_operations.go:349.117,352.16 3 1
github.com/f4ah6o/direct-go-sdk/direct-go/message_operations.go:352.16,354.3 1 0
github.com/f4ah6o/direct-go-sdk/direct-go/message_operations.go:356.2,357.43 2 1
github.com/f4ah6o/direct-go-sdk/direct-go/message_operations.go:357.43,358.28 1 1
github.com/f4ah6o/direct-go-sdk/direct-go/message_operations.go:358.28,359.53 1 2
github.com/f4ah6o/direct-go-sdk/direct-go/message_operations.go:359.53,361.37 2 2
github.com/f4ah6o/direct-go-sdk/direct-go/message_operations.go:361.37,363.6 1 2
github.com/f4ah6o/direct-go-sdk/direct-go/message_operations.go:364.5,364.41 1 2
github.com/f4ah6o/direct-go-sdk/direct-go/message_operations.go:364.41,366.6 1 2
github.com/f4ah6o/direct-go-sdk/direct-go/message_operations.go:367.5,367.48 1 2
github.com/f4ah6o/direct-go-sdk/direct-go/message_operations.go:367.48,369.6 1 2
github.com/f4ah6o/direct-go-sdk/direct-go/message_operations.go:370.5,370.32 1 2
github.com/f4ah6o/direct-go-sdk/direct-go/message_operations.go:375.2,375.19 1 1
github.com/f4ah6o/direct-go-sdk/direct-go/talks.go:18.157,21.21 2 0
github.com/f4ah6o/direct-go-sdk/direct-go/talks.go:21.21,30.3 1 0
github.com/f4ah6o/direct-go-sdk/direct-go/talks.go:30.8,39.3 1 0
github.com/f4ah6o/direct-go-sdk/direct-go/talks.go:41.2,42.16 2 0
github.com/f4ah6o/direct-go-sdk/direct-go/talks.go:42.16,44.3 1 0
github.com/f4ah6o/direct-go-sdk/direct-go/talks.go:46.2,46.57 1 0
github.com/f4ah6o/direct-go-sdk/direct-go/talks.go:46.57,48.3 1 0
github.com/f4ah6o/direct-go-sdk/direct-go/talks.go:50.2,50.17 1 0
github.com/f4ah6o/direct-go-sdk/direct-go/talks.go:55.99,58.16 3 0
github.com/f4ah6o/direct-go-sdk/direct-go/talks.go:58.16,60.3 1 0
github.com/f4ah6o/direct-go-sdk/direct-go/talks.go:62.2,62.57 1 0
github.com/f4ah6o/direct-go-sdk/direct-go/talks.go:62.57,64.3 1 0
github.com/f4ah6o/direct-go-sdk/direct-go/talks.go:66.2,66.17 1 0
github.com/f4ah6o/direct-go-sdk/direct-go/talks.go:72.122,75.16 3 0
github.com/f4ah6o/direct-go-sdk/direct-go/talks.go:75.16,77.3 1 0
github.com/f4ah6o/direct-go-sdk/direct-go/talks.go:79.2,79.57 1 0
github.com/f4ah6o/direct-go-sdk/direct-go/talks.go:79.57,81.3 1 0
github.com/f4ah6o/direct-go-sdk/direct-go/talks.go:83.2,83.17 1 0
github.com/f4ah6o/direct-go-sdk/direct-go/talks.go:88.99,92.2 3 0
github.com/f4ah6o/direct-go-sdk/direct-go/talks.go:95.86,99.2 3 0
github.com/f4ah6o/direct-go-sdk/direct-go/talks.go:102.81,106.2 3 0
github.com/f4ah6o/direct-go-sdk/direct-go/talks.go:109.84,113.2 3 0
github.com/f4ah6o/direct-go-sdk/direct-go/talks.go:116.51,119.29 2 0
github.com/f4ah6o/direct-go-sdk/direct-go/talks.go:119.29,121.3 1 0
github.com/f4ah6o/direct-go-sdk/direct-go/talks.go:122.2,122.36 1 0
github.com/f4ah6o/direct-go-sdk/direct-go/talks.go:122.36,124.3 1 0
github.com/f4ah6o/direct-go-sdk/direct-go/talks.go:125.2,125.37 1 0
github.com/f4ah6o/direct-go-sdk/direct-go/talks.go:125.37,127.3 1 0
github.com/f4ah6o/direct-go-sdk/direct-go/talks.go:128.2,128.40 1 0
github.com/f4ah6o/direct-go-sdk/direct-go/talks.go:128.40,130.3 1 0
github.com/f4ah6o/direct-go-sdk/direct-go/talks.go:131.2,131.51 1 0
github.com/f4ah6o/direct-go-sdk/direct-go/talks.go:131.51,133.3 1 0
github.com/f4ah6o/direct-go-sdk/direct-go/talks.go:134.2,134.61 1 0
github.com/f4ah6o/direct-go-sdk/direct-go/talks.go:134.61,136.3 1 0
github.com/f4ah6o/direct-go-sdk/direct-go/talks.go:138.2,138.13 1 0
github.com/f4ah6o/direct-go-sdk/direct-go/users.go:39.113,42.16 3 1
github.com/f4ah6o/direct-go-sdk/direct-go/users.go:42.16,44.3 1 0
github.com/f4ah6o/direct-go-sdk/direct-go/users.go:46.2,47.43 2 1
github.com/f4ah6o/direct-go-sdk/direct-go/users.go:47.43,48.28 1 1
github.com/f4ah6o/direct-go-sdk/direct-go/users.go:48.28,49.57 1 2
github.com/f4ah6o/direct-go-sdk/direct-go/users.go:49.57,52.5 2 2
github.com/f4ah6o/direct-go-sdk/direct-go/users.go:56.2,56.19 1 1
github.com/f4ah6o/direct-go-sdk/direct-go/users.go:61.102,64.16 3 1
github.com/f4ah6o/direct-go-sdk/direct-go/users.go:64.16,66.3 1 0
github.com/f4ah6o/direct-go-sdk/direct-go/users.go:68.2,68.60 1 1
github.com/f4ah6o/direct-go-sdk/direct-go/users.go:68.60,70.3 1 1
github.com/f4ah6o/direct-go-sdk/direct-go/users.go:72.2,72.17 1 0
github.com/f4ah6o/direct-go-sdk/direct-go/users.go:77.113,81.2 3 1
github.com/f4ah6o/direct-go-sdk/direct-go/users.go:85.108,89.2 3 0
github.com/f4ah6o/direct-go-sdk/direct-go/users.go:93.99,96.16 3 0
github.com/f4ah6o/direct-go-sdk/direct-go/users.go:96.16,98.3 1 0
github.com/f4ah6o/direct-go-sdk/direct-go/users.go:100.2,101.43 2 0
github.com/f4ah6o/direct-go-sdk/direct-go/users.go:101.43,102.28 1 0
github.com/f4ah6o/direct-go-sdk/direct-go/users.go:102.28,103.57 1 0
github.com/f4ah6o/direct-go-sdk/direct-go/users.go:103.57,105.41 2 0
github.com/f4ah6o/direct-go-sdk/direct-go/users.go:105.41,107.6 1 0
github.com/f4ah6o/direct-go-sdk/direct-go/users.go:108.5,108.49 1 0
github.com/f4ah6o/direct-go-sdk/direct-go/users.go:108.49,110.6 1 0
github.com/f4ah6o/direct-go-sdk/direct-go/users.go:111.5,111.40 1 0
github.com/f4ah6o/direct-go-sdk/direct-go/users.go:116.2,116.23 1 0
github.com/f4ah6o/direct-go-sdk/direct-go/users.go:130.107,133.16 3 0
github.com/f4ah6o/direct-go-sdk/direct-go/users.go:133.16,135.3 1 0
github.com/f4ah6o/direct-go-sdk/direct-go/users.go:137.2,138.43 2 0
github.com/f4ah6o/direct-go-sdk/direct-go/users.go:138.43,139.28 1 0
github.com/f4ah6o/direct-go-sdk/direct-go/users.go:139.28,140.55 1 0
github.com/f4ah6o/direct-go-sdk/direct-go/users.go:140.55,142.39 2 0
github.com/f4ah6o/direct-go-sdk/direct-go/users.go:142.39,144.6 1 0
github.com/f4ah6o/direct-go-sdk/direct-go/users.go:145.5,145.46 1 0
github.com/f4ah6o/direct-go-sdk/direct-go/users.go:145.46,147.6 1 0
github.com/f4ah6o/direct-go-sdk/direct-go/users.go:148.5,148.50 1 0
github.com/f4ah6o/direct-go-sdk/direct-go/users.go:148.50,150.6 1 0
github.com/f4ah6o/direct-go-sdk/direct-go/users.go:151.5,151.52 1 0
github.com/f4ah6o/direct-go-sdk/direct-go/users.go:151.52,153.6 1 0
github.com/f4ah6o/direct-go-sdk/direct-go/users.go:154.5,154.50 1 0
github.com/f4ah6o/direct-go-sdk/direct-go/users.go:154.50,156.6 1 0
github.com/f4ah6o/direct-go-sdk/direct-go/users.go:157.5,157.42 1 0
github.com/f4ah6o/direct-go-sdk/direct-go/users.go:162.2,162.25 1 0
github.com/f4ah6o/direct-go-sdk/direct-go/users.go:167.70,169.16 2 1
github.com/f4ah6o/direct-go-sdk/direct-go/users.go:169.16,171.3 1 0
github.com/f4ah6o/direct-go-sdk/direct-go/users.go:173.2,174.43 2 1
github.com/f4ah6o/direct-go-sdk/direct-go/users.go:174.43,175.28 1 1
github.com/f4ah6o/direct-go-sdk/direct-go/users.go:175.28,176.57 1 2
github.com/f4ah6o/direct-go-sdk/direct-go/users.go:176.57,179.5 2 2
github.com/f4ah6o/direct-go-sdk/direct-go/users.go:183.2,183.21 1 1
github.com/f4ah6o/direct-go-sdk/direct-go/users.go:188.75,192.2 3 1
github.com/f4ah6o/direct-go-sdk/direct-go/users.go:195.78,199.2 3 1
github.com/f4ah6o/direct-go-sdk/direct-go/users.go:203.76,205.16 2 1
github.com/f4ah6o/direct-go-sdk/direct-go/users.go:205.16,207.3 1 0
github.com/f4ah6o/direct-go-sdk/direct-go/users.go:209.2,210.43 2 1
github.com/f4ah6o/direct-go-sdk/direct-go/users.go:210.43,211.28 1 1
github.com/f4ah6o/direct-go-sdk/direct-go/users.go:211.28,212.57 1 1
github.com/f4ah6o/direct-go-sdk/direct-go/users.go:212.57,215.5 2 1
github.com/f4ah6o/direct-go-sdk/direct-go/users.go:219.2,219.27 1 1
github.com/f4ah6o/direct-go-sdk/direct-go/users.go:224.58,227.29 2 9
github.com/f4ah6o/direct-go-sdk/direct-go/users.go:227.29,229.3 1 9
github.com/f4ah6o/direct-go-sdk/direct-go/users.go:230.2,230.40 1 9
github.com/f4ah6o/direct-go-sdk/direct-go/users.go:230.40,232.3 1 0
github.com/f4ah6o/direct-go-sdk/direct-go/users.go:233.2,233.48 1 9
github.com/f4ah6o/direct-go-sdk/direct-go/users.go:233.48,235.3 1 9
github.com/f4ah6o/direct-go-sdk/direct-go/users.go:236.2,236.49 1 9
github.com/f4ah6o/direct-go-sdk/direct-go/users.go:236.49,238.3 1 0
github.com/f4ah6o/direct-go-sdk/direct-go/users.go:239.2,239.41 1 9
github.com/f4ah6o/direct-go-sdk/direct-go/users.go:239.41,241.3 1 6
github.com/f4ah6o/direct-go-sdk/direct-go/users.go:242.2,242.44 1 9
github.com/f4ah6o/direct-go-sdk/direct-go/users.go:242.44,244.3 1 0
github.com/f4ah6o/direct-go-sdk/direct-go/users.go:245.2,245.36 1 9
github.com/f4ah6o/direct-go-sdk/direct-go/users.go:245.36,247.3 1 0
github.com/f4ah6o/direct-go-sdk/direct-go/users.go:248.2,248.54 1 9
github.com/f4ah6o/direct-go-sdk/direct-go/users.go:248.54,250.3 1 0
github.com/f4ah6o/direct-go-sdk/direct-go/users.go:251.2,251.60 1 9
github.com/f4ah6o/direct-go-sdk/direct-go/users.go:251.60,253.3 1 0
github.com/f4ah6o/direct-go-sdk/direct-go/users.go:254.2,254.42 1 9
github.com/f4ah6o/direct-go-sdk/direct-go/users.go:254.42,256.3 1 0
github.com/f4ah6o/direct-go-sdk/direct-go/users.go:257.2,257.56 1 9
github.com/f4ah6o/direct-go-sdk/direct-go/users.go:257.56,259.3 1 0
github.com/f4ah6o/direct-go-sdk/direct-go/users.go:261.2,261.13 1 9
github.com/f4ah6o/direct-go-sdk/direct-go/users.go:264.65,267.34 2 1
github.com/f4ah6o/direct-go-sdk/direct-go/users.go:267.34,269.3 1 1
github.com/f4ah6o/direct-go-sdk/direct-go/users.go:270.2,270.36 1 1
github.com/f4ah6o/direct-go-sdk/direct-go/users.go:270.36,272.3 1 0
github.com/f4ah6o/direct-go-sdk/direct-go/users.go:273.2,273.48 1 1
github.com/f4ah6o/direct-go-sdk/direct-go/users.go:273.48,275.3 1 1
github.com/f4ah6o/direct-go-sdk/direct-go/users.go:276.2,276.49 1 1
github.com/f4ah6o/direct-go-sdk/direct-go/users.go:276.49,278.3 1 0
github.com/f4ah6o/direct-go-sdk/direct-go/users.go:279.2,279.60 1 1
github.com/f4ah6o/direct-go-sdk/direct-go/users.go:279.60,281.3 1 0
github.com/f4ah6o/direct-go-sdk/direct-go/users.go:283.2,283.16 1 1
