mode: atomic
github.com/f4ah6o/direct-go-sdk/daab-go/cmd/logserver/main.go:11.13,23.49 9 0
github.com/f4ah6o/direct-go-sdk/daab-go/cmd/logserver/main.go:23.49,25.3 1 0
github.com/f4ah6o/direct-go-sdk/daab-go/cmd/daabgo/main.go:8.13,10.2 1 0
github.com/f4ah6o/direct-go-sdk/daab-go/internal/cli/daemon.go:14.35,16.16 2 0
github.com/f4ah6o/direct-go-sdk/daab-go/internal/cli/daemon.go:16.16,18.3 1 0
github.com/f4ah6o/direct-go-sdk/daab-go/internal/cli/daemon.go:19.2,20.51 2 0
github.com/f4ah6o/direct-go-sdk/daab-go/internal/cli/daemon.go:20.51,22.3 1 0
github.com/f4ah6o/direct-go-sdk/daab-go/internal/cli/daemon.go:23.2,23.50 1 0
github.com/f4ah6o/direct-go-sdk/daab-go/internal/cli/daemon.go:27.35,29.16 2 0
github.com/f4ah6o/direct-go-sdk/daab-go/internal/cli/daemon.go:29.16,31.3 1 0
github.com/f4ah6o/direct-go-sdk/daab-go/internal/cli/daemon.go:32.2,33.51 2 0
github.com/f4ah6o/direct-go-sdk/daab-go/internal/cli/daemon.go:33.51,35.3 1 0
github.com/f4ah6o/direct-go-sdk/daab-go/internal/cli/daemon.go:36.2,36.50 1 0
github.com/f4ah6o/direct-go-sdk/daab-go/internal/cli/daemon.go:40.29,42.16 2 0
github.com/f4ah6o/direct-go-sdk/daab-go/internal/cli/daemon.go:42.16,44.3 1 0
github.com/f4ah6o/direct-go-sdk/daab-go/internal/cli/daemon.go:46.2,47.16 2 0
github.com/f4ah6o/direct-go-sdk/daab-go/internal/cli/daemon.go:47.16,48.25 1 0
github.com/f4ah6o/direct-go-sdk/daab-go/internal/cli/daemon.go:48.25,50.4 1 0
github.com/f4ah6o/direct-go-sdk/daab-go/internal/cli/daemon.go:51.3,51.16 1 0
github.com/f4ah6o/direct-go-sdk/daab-go/internal/cli/daemon.go:54.2,55.16 2 0
github.com/f4ah6o/direct-go-sdk/daab-go/internal/cli/daemon.go:55.16,57.3 1 0
github.com/f4ah6o/direct-go-sdk/daab-go/internal/cli/daemon.go:59.2,59.17 1 0
github.com/f4ah6o/direct-go-sdk/daab-go/internal/cli/daemon.go:63.30,65.16 2 0
github.com/f4ah6o/direct-go-sdk/daab-go/internal/cli/daemon.go:65.16,67.3 1 0
github.com/f4ah6o/direct-go-sdk/daab-go/internal/cli/daemon.go:69.2,69.68 1 0
github.com/f4ah6o/direct-go-sdk/daab-go/internal/cli/daemon.go:73.24,75.16 2 0
github.com/f4ah6o/direct-go-sdk/daab-go/internal/cli/daemon.go:75.16,77.3 1 0
github.com/f4ah6o/direct-go-sdk/daab-go/internal/cli/daemon.go:78.2,78.27 1 0
github.com/f4ah6o/direct-go-sdk/daab-go/internal/cli/daemon.go:82.37,84.16 2 0
github.com/f4ah6o/direct-go-sdk/daab-go/internal/cli/daemon.go:84.16,86.3 1 0
github.com/f4ah6o/direct-go-sdk/daab-go/internal/cli/daemon.go:88.2,89.19 2 0
github.com/f4ah6o/direct-go-sdk/daab-go/internal/cli/daemon.go:93.24,96.16 2 0
github.com/f4ah6o/direct-go-sdk/daab-go/internal/cli/daemon.go:96.16,98.3 1 0
github.com/f4ah6o/direct-go-sdk/daab-go/internal/cli/daemon.go:101.2,102.16 2 0
github.com/f4ah6o/direct-go-sdk/daab-go/internal/cli/daemon.go:102.16,104.3 1 0
github.com/f4ah6o/direct-go-sdk/daab-go/internal/cli/daemon.go:107.2,108.16 2 0
github.com/f4ah6o/direct-go-sdk/daab-go/internal/cli/daemon.go:108.16,110.3 1 0
github.com/f4ah6o/direct-go-sdk/daab-go/internal/cli/daemon.go:111.2,123.36 7 0
github.com/f4ah6o/direct-go-sdk/daab-go/internal/cli/daemon.go:123.36,125.3 1 0
github.com/f4ah6o/direct-go-sdk/daab-go/internal/cli/daemon.go:128.2,128.50 1 0
github.com/f4ah6o/direct-go-sdk/daab-go/internal/cli/daemon.go:128.50,130.3 1 0
github.com/f4ah6o/direct-go-sdk/daab-go/internal/cli/daemon.go:133.2,133.46 1 0
github.com/f4ah6o/direct-go-sdk/daab-go/internal/cli/daemon.go:133.46,135.3 1 0
github.com/f4ah6o/direct-go-sdk/daab-go/internal/cli/daemon.go:137.2,137.12 1 0
github.com/f4ah6o/direct-go-sdk/daab-go/internal/cli/daemon.go:141.34,143.16 2 0
github.com/f4ah6o/direct-go-sdk/daab-go/internal/cli/daemon.go:143.16,145.3 1 0
github.com/f4ah6o/direct-go-sdk/daab-go/internal/cli/daemon.go:147.2,148.16 2 0
github.com/f4ah6o/direct-go-sdk/daab-go/internal/cli/daemon.go:148.16,150.3 1 0
github.com/f4ah6o/direct-go-sdk/daab-go/internal/cli/daemon.go:153.2,164.12 8 0
github.com/f4ah6o/direct-go-sdk/daab-go/internal/cli/init.go:21.54,23.3 1 0
github.com/f4ah6o/direct-go-sdk/daab-go/internal/cli/init.go:26.22,28.16 2 0
github.com/f4ah6o/direct-go-sdk/daab-go/internal/cli/init.go:28.16,30.3 1 0
github.com/f4ah6o/direct-go-sdk/daab-go/internal/cli/init.go:32.2,40.27 4 0
github.com/f4ah6o/direct-go-sdk/daab-go/internal/cli/init.go:40.27,41.48 1 0
github.com/f4ah6o/direct-go-sdk/daab-go/internal/cli/init.go:41.48,43.4 1 0
github.com/f4ah6o/direct-go-sdk/daab-go/internal/cli/init.go:47.2,81.75 2 0
github.com/f4ah6o/direct-go-sdk/daab-go/internal/cli/init.go:81.75,83.3 1 0
github.com/f4ah6o/direct-go-sdk/daab-go/internal/cli/init.go:86.2,93.75 2 0
github.com/f4ah6o/direct-go-sdk/daab-go/internal/cli/init.go:93.75,95.3 1 0
github.com/f4ah6o/direct-go-sdk/daab-go/internal/cli/init.go:98.2,105.83 2 0
github.com/f4ah6o/direct-go-sdk/daab-go/internal/cli/init.go:105.83,107.3 1 0
github.com/f4ah6o/direct-go-sdk/daab-go/internal/cli/init.go:109.2,120.12 11 0
github.com/f4ah6o/direct-go-sdk/daab-go/internal/cli/init.go:132.75,134.16 2 0
github.com/f4ah6o/direct-go-sdk/daab-go/internal/cli/init.go:134.16,136.3 1 0
github.com/f4ah6o/direct-go-sdk/daab-go/internal/cli/init.go:138.2,139.49 2 0
github.com/f4ah6o/direct-go-sdk/daab-go/internal/cli/init.go:139.49,141.3 1 0
github.com/f4ah6o/direct-go-sdk/daab-go/internal/cli/init.go:143.2,143.26 1 0
github.com/f4ah6o/direct-go-sdk/daab-go/internal/cli/invites.go:15.54,17.3 1 0
github.com/f4ah6o/direct-go-sdk/daab-go/internal/cli/invites.go:20.26,24.39 2 0
github.com/f4ah6o/direct-go-sdk/daab-go/internal/cli/invites.go:24.39,26.3 1 0
github.com/f4ah6o/direct-go-sdk/daab-go/internal/cli/invites.go:29.2,29.22 1 0
github.com/f4ah6o/direct-go-sdk/daab-go/internal/cli/invites.go:29.22,32.3 2 0
github.com/f4ah6o/direct-go-sdk/daab-go/internal/cli/invites.go:34.2,43.41 4 0
github.com/f4ah6o/direct-go-sdk/daab-go/internal/cli/invites.go:43.41,45.3 1 0
github.com/f4ah6o/direct-go-sdk/daab-go/internal/cli/invites.go:46.2,51.16 4 0
github.com/f4ah6o/direct-go-sdk/daab-go/internal/cli/invites.go:51.16,53.3 1 0
github.com/f4ah6o/direct-go-sdk/daab-go/internal/cli/invites.go:55.2,55.23 1 0
github.com/f4ah6o/direct-go-sdk/daab-go/internal/cli/invites.go:55.23,58.3 2 0
github.com/f4ah6o/direct-go-sdk/daab-go/internal/cli/invites.go:61.2,62.33 2 0
github.com/f4ah6o/direct-go-sdk/daab-go/internal/cli/invites.go:62.33,65.27 3 0
github.com/f4ah6o/direct-go-sdk/daab-go/internal/cli/invites.go:65.27,67.4 1 0
github.com/f4ah6o/direct-go-sdk/daab-go/internal/cli/invites.go:68.3,68.16 1 0
github.com/f4ah6o/direct-go-sdk/daab-go/internal/cli/invites.go:72.2,76.42 4 0
github.com/f4ah6o/direct-go-sdk/daab-go/internal/cli/invites.go:76.42,81.17 4 0
github.com/f4ah6o/direct-go-sdk/daab-go/internal/cli/invites.go:81.17,83.4 1 0
github.com/f4ah6o/direct-go-sdk/daab-go/internal/cli/invites.go:85.3,85.47 1 0
github.com/f4ah6o/direct-go-sdk/daab-go/internal/cli/invites.go:86.8,88.3 1 0
github.com/f4ah6o/direct-go-sdk/daab-go/internal/cli/invites.go:90.2,90.12 1 0
github.com/f4ah6o/direct-go-sdk/daab-go/internal/cli/login.go:19.54,21.3 1 0
github.com/f4ah6o/direct-go-sdk/daab-go/internal/cli/login.go:24.23,28.21 2 0
github.com/f4ah6o/direct-go-sdk/daab-go/internal/cli/login.go:28.21,32.3 3 0
github.com/f4ah6o/direct-go-sdk/daab-go/internal/cli/login.go:35.2,35.39 1 0
github.com/f4ah6o/direct-go-sdk/daab-go/internal/cli/login.go:35.39,37.3 1 0
github.com/f4ah6o/direct-go-sdk/daab-go/internal/cli/login.go:39.2,40.20 2 0
github.com/f4ah6o/direct-go-sdk/daab-go/internal/cli/login.go:40.20,42.3 1 0
github.com/f4ah6o/direct-go-sdk/daab-go/internal/cli/login.go:44.2,45.20 2 0
github.com/f4ah6o/direct-go-sdk/daab-go/internal/cli/login.go:45.20,47.3 1 0
github.com/f4ah6o/direct-go-sdk/daab-go/internal/cli/login.go:48.2,48.20 1 0
github.com/f4ah6o/direct-go-sdk/daab-go/internal/cli/login.go:48.20,50.3 1 0
github.com/f4ah6o/direct-go-sdk/daab-go/internal/cli/login.go:53.2,54.16 2 0
github.com/f4ah6o/direct-go-sdk/daab-go/internal/cli/login.go:54.16,56.3 1 0
github.com/f4ah6o/direct-go-sdk/daab-go/internal/cli/login.go:58.2,69.41 5 0
github.com/f4ah6o/direct-go-sdk/daab-go/internal/cli/login.go:69.41,71.3 1 0
github.com/f4ah6o/direct-go-sdk/daab-go/internal/cli/login.go:72.2,86.16 4 0
github.com/f4ah6o/direct-go-sdk/daab-go/internal/cli/login.go:86.16,88.3 1 0
github.com/f4ah6o/direct-go-sdk/daab-go/internal/cli/login.go:91.2,92.17 2 0
github.com/f4ah6o/direct-go-sdk/daab-go/internal/cli/login.go:92.17,94.3 1 0
github.com/f4ah6o/direct-go-sdk/daab-go/internal/cli/login.go:97.2,97.45 1 0
github.com/f4ah6o/direct-go-sdk/daab-go/internal/cli/login.go:97.45,99.3 1 0
github.com/f4ah6o/direct-go-sdk/daab-go/internal/cli/login.go:101.2,102.12 2 0
github.com/f4ah6o/direct-go-sdk/daab-go/internal/cli/login.go:105.62,110.16 4 0
github.com/f4ah6o/direct-go-sdk/daab-go/internal/cli/login.go:110.16,112.3 1 0
github.com/f4ah6o/direct-go-sdk/daab-go/internal/cli/login.go:113.2,118.16 4 0
github.com/f4ah6o/direct-go-sdk/daab-go/internal/cli/login.go:118.16,121.17 2 0
github.com/f4ah6o/direct-go-sdk/daab-go/internal/cli/login.go:121.17,123.4 1 0
github.com/f4ah6o/direct-go-sdk/daab-go/internal/cli/login.go:124.8,126.3 1 0
github.com/f4ah6o/direct-go-sdk/daab-go/internal/cli/login.go:127.2,129.8 2 0
github.com/f4ah6o/direct-go-sdk/daab-go/internal/cli/login.go:132.46,134.38 1 0
github.com/f4ah6o/direct-go-sdk/daab-go/internal/cli/login.go:134.38,136.3 1 0
github.com/f4ah6o/direct-go-sdk/daab-go/internal/cli/login.go:138.2,138.50 1 0
github.com/f4ah6o/direct-go-sdk/daab-go/internal/cli/login.go:138.50,139.50 1 0
github.com/f4ah6o/direct-go-sdk/daab-go/internal/cli/login.go:139.50,141.4 1 0
github.com/f4ah6o/direct-go-sdk/daab-go/internal/cli/login.go:145.2,145.59 1 0
github.com/f4ah6o/direct-go-sdk/daab-go/internal/cli/login.go:145.59,146.39 1 0
github.com/f4ah6o/direct-go-sdk/daab-go/internal/cli/login.go:146.39,148.4 1 0
github.com/f4ah6o/direct-go-sdk/daab-go/internal/cli/login.go:151.2,151.11 1 0
github.com/f4ah6o/direct-go-sdk/daab-go/internal/cli/logout.go:14.54,16.3 1 0
github.com/f4ah6o/direct-go-sdk/daab-go/internal/cli/logout.go:19.24,22.22 2 0
github.com/f4ah6o/direct-go-sdk/daab-go/internal/cli/logout.go:22.22,25.3 2 0
github.com/f4ah6o/direct-go-sdk/daab-go/internal/cli/logout.go:27.2,27.42 1 0
github.com/f4ah6o/direct-go-sdk/daab-go/internal/cli/logout.go:27.42,29.3 1 0
github.com/f4ah6o/direct-go-sdk/daab-go/internal/cli/logout.go:31.2,32.12 2 0
github.com/f4ah6o/direct-go-sdk/daab-go/internal/cli/root.go:26.16,27.42 1 0
github.com/f4ah6o/direct-go-sdk/daab-go/internal/cli/root.go:27.42,30.3 2 0
github.com/f4ah6o/direct-go-sdk/daab-go/internal/cli/root.go:33.13,42.2 8 0
github.com/f4ah6o/direct-go-sdk/daab-go/internal/cli/run.go:17.54,19.3 1 0
github.com/f4ah6o/direct-go-sdk/daab-go/internal/cli/run.go:22.21,26.39 2 0
github.com/f4ah6o/direct-go-sdk/daab-go/internal/cli/run.go:26.39,28.3 1 0
github.com/f4ah6o/direct-go-sdk/daab-go/internal/cli/run.go:31.2,31.22 1 0
github.com/f4ah6o/direct-go-sdk/daab-go/internal/cli/run.go:31.22,34.3 2 0
github.com/f4ah6o/direct-go-sdk/daab-go/internal/cli/run.go:37.2,42.68 2 0
github.com/f4ah6o/direct-go-sdk/daab-go/internal/cli/run.go:42.68,43.42 1 0
github.com/f4ah6o/direct-go-sdk/daab-go/internal/cli/run.go:43.42,45.4 1 0
github.com/f4ah6o/direct-go-sdk/daab-go/internal/cli/run.go:49.2,49.63 1 0
github.com/f4ah6o/direct-go-sdk/daab-go/internal/cli/run.go:49.63,51.3 1 0
github.com/f4ah6o/direct-go-sdk/daab-go/internal/cli/run.go:54.2,54.56 1 0
github.com/f4ah6o/direct-go-sdk/daab-go/internal/cli/run.go:54.56,56.3 1 0
github.com/f4ah6o/direct-go-sdk/daab-go/internal/cli/run.go:58.2,58.12 1 0
github.com/f4ah6o/direct-go-sdk/daab-go/internal/cli/start.go:13.54,15.3 1 0
github.com/f4ah6o/direct-go-sdk/daab-go/internal/cli/start.go:18.26,21.16 2 0
github.com/f4ah6o/direct-go-sdk/daab-go/internal/cli/start.go:21.16,22.28 1 0
github.com/f4ah6o/direct-go-sdk/daab-go/internal/cli/start.go:22.28,25.4 2 0
github.com/f4ah6o/direct-go-sdk/daab-go/internal/cli/start.go:27.3,27.14 1 0
github.com/f4ah6o/direct-go-sdk/daab-go/internal/cli/start.go:31.2,31.36 1 0
github.com/f4ah6o/direct-go-sdk/daab-go/internal/cli/start.go:31.36,33.3 1 0
github.com/f4ah6o/direct-go-sdk/daab-go/internal/cli/start.go:35.2,40.12 5 0
github.com/f4ah6o/direct-go-sdk/daab-go/internal/cli/stop.go:15.54,17.3 1 0
github.com/f4ah6o/direct-go-sdk/daab-go/internal/cli/stop.go:20.25,23.16 2 0
github.com/f4ah6o/direct-go-sdk/daab-go/internal/cli/stop.go:23.16,26.3 2 0
github.com/f4ah6o/direct-go-sdk/daab-go/internal/cli/stop.go:29.2,29.28 1 0
github.com/f4ah6o/direct-go-sdk/daab-go/internal/cli/stop.go:29.28,33.3 3 0
github.com/f4ah6o/direct-go-sdk/daab-go/internal/cli/stop.go:36.2,37.16 2 0
github.com/f4ah6o/direct-go-sdk/daab-go/internal/cli/stop.go:37.16,39.3 1 0
github.com/f4ah6o/direct-go-sdk/daab-go/internal/cli/stop.go:42.2,42.56 1 0
github.com/f4ah6o/direct-go-sdk/daab-go/internal/cli/stop.go:42.56,44.3 1 0
github.com/f4ah6o/direct-go-sdk/daab-go/internal/cli/stop.go:47.2,50.12 3 0
github.com/f4ah6o/direct-go-sdk/daab-go/internal/cli/version.go:16.47,18.3 1 0
github.com/f4ah6o/direct-go-sdk/daab-go/internal/cli/version.go:21.21,25.2 3 0
github.com/f4ah6o/direct-go-sdk/daab-go/webhook/client.go:21.52,29.2 1 2
github.com/f4ah6o/direct-go-sdk/daab-go/webhook/client.go:34.74,36.16 2 2
github.com/f4ah6o/direct-go-sdk/daab-go/webhook/client.go:36.16,38.3 1 0
github.com/f4ah6o/direct-go-sdk/daab-go/webhook/client.go:40.2,41.16 2 2
github.com/f4ah6o/direct-go-sdk/daab-go/webhook/client.go:41.16,43.3 1 0
github.com/f4ah6o/direct-go-sdk/daab-go/webhook/client.go:44.2,46.53 2 2
github.com/f4ah6o/direct-go-sdk/daab-go/webhook/client.go:46.53,48.3 1 1
github.com/f4ah6o/direct-go-sdk/daab-go/webhook/client.go:50.2,51.72 2 1
github.com/f4ah6o/direct-go-sdk/daab-go/webhook/client.go:51.72,53.3 1 0
github.com/f4ah6o/direct-go-sdk/daab-go/webhook/client.go:55.2,55.26 1 1
github.com/f4ah6o/direct-go-sdk/daab-go/webhook/client.go:61.48,62.20 1 11
github.com/f4ah6o/direct-go-sdk/daab-go/webhook/client.go:62.20,64.3 1 1
github.com/f4ah6o/direct-go-sdk/daab-go/webhook/client.go:66.2,66.18 1 10
github.com/f4ah6o/direct-go-sdk/daab-go/webhook/client.go:67.14,68.21 1 1
github.com/f4ah6o/direct-go-sdk/daab-go/webhook/client.go:69.15,70.19 1 2
github.com/f4ah6o/direct-go-sdk/daab-go/webhook/client.go:70.19,72.4 1 1
github.com/f4ah6o/direct-go-sdk/daab-go/webhook/client.go:73.14,74.21 1 3
github.com/f4ah6o/direct-go-sdk/daab-go/webhook/client.go:74.21,76.4 1 1
github.com/f4ah6o/direct-go-sdk/daab-go/webhook/client.go:77.3,77.19 1 2
github.com/f4ah6o/direct-go-sdk/daab-go/webhook/client.go:77.19,79.4 1 1
github.com/f4ah6o/direct-go-sdk/daab-go/webhook/client.go:80.21,81.21 1 3
github.com/f4ah6o/direct-go-sdk/daab-go/webhook/client.go:81.21,83.4 1 0
github.com/f4ah6o/direct-go-sdk/daab-go/webhook/client.go:84.3,84.23 1 3
github.com/f4ah6o/direct-go-sdk/daab-go/webhook/client.go:84.23,86.4 1 1
github.com/f4ah6o/direct-go-sdk/daab-go/webhook/client.go:87.3,87.26 1 2
github.com/f4ah6o/direct-go-sdk/daab-go/webhook/client.go:87.26,89.4 1 1
github.com/f4ah6o/direct-go-sdk/daab-go/webhook/client.go:90.20,91.21 1 0
github.com/f4ah6o/direct-go-sdk/daab-go/webhook/client.go:91.21,93.4 1 0
github.com/f4ah6o/direct-go-sdk/daab-go/webhook/client.go:94.3,94.23 1 0
github.com/f4ah6o/direct-go-sdk/daab-go/webhook/client.go:94.23,96.4 1 0
github.com/f4ah6o/direct-go-sdk/daab-go/webhook/client.go:97.19,98.21 1 0
github.com/f4ah6o/direct-go-sdk/daab-go/webhook/client.go:98.21,100.4 1 0
github.com/f4ah6o/direct-go-sdk/daab-go/webhook/client.go:101.3,101.20 1 0
github.com/f4ah6o/direct-go-sdk/daab-go/webhook/client.go:101.20,103.4 1 0
github.com/f4ah6o/direct-go-sdk/daab-go/webhook/client.go:104.22,105.24 1 0
github.com/f4ah6o/direct-go-sdk/daab-go/webhook/client.go:105.24,107.4 1 0
github.com/f4ah6o/direct-go-sdk/daab-go/webhook/client.go:108.3,108.24 1 0
github.com/f4ah6o/direct-go-sdk/daab-go/webhook/client.go:108.24,110.4 1 0
github.com/f4ah6o/direct-go-sdk/daab-go/webhook/client.go:111.21,112.24 1 0
github.com/f4ah6o/direct-go-sdk/daab-go/webhook/client.go:112.24,114.4 1 0
github.com/f4ah6o/direct-go-sdk/daab-go/webhook/client.go:115.3,115.28 1 0
github.com/f4ah6o/direct-go-sdk/daab-go/webhook/client.go:115.28,117.4 1 0
github.com/f4ah6o/direct-go-sdk/daab-go/webhook/client.go:118.20,119.24 1 0
github.com/f4ah6o/direct-go-sdk/daab-go/webhook/client.go:119.24,121.4 1 0
github.com/f4ah6o/direct-go-sdk/daab-go/webhook/client.go:122.3,122.20 1 0
github.com/f4ah6o/direct-go-sdk/daab-go/webhook/client.go:122.20,124.4 1 0
github.com/f4ah6o/direct-go-sdk/daab-go/webhook/client.go:125.37,126.24 1 0
github.com/f4ah6o/direct-go-sdk/daab-go/webhook/client.go:126.24,128.4 1 0
github.com/f4ah6o/direct-go-sdk/daab-go/webhook/client.go:129.10,130.32 1 1
github.com/f4ah6o/direct-go-sdk/daab-go/webhook/client.go:133.2,133.20 1 3
github.com/f4ah6o/direct-go-sdk/daab-go/webhook/types.go:78.77,88.2 1 3
github.com/f4ah6o/direct-go-sdk/daab-go/webhook/types.go:91.44,92.17 1 6
github.com/f4ah6o/direct-go-sdk/daab-go/webhook/types.go:93.9,94.18 1 0
github.com/f4ah6o/direct-go-sdk/daab-go/webhook/types.go:95.9,96.16 1 1
github.com/f4ah6o/direct-go-sdk/daab-go/webhook/types.go:97.9,98.17 1 1
github.com/f4ah6o/direct-go-sdk/daab-go/webhook/types.go:99.9,100.20 1 0
github.com/f4ah6o/direct-go-sdk/daab-go/webhook/types.go:101.9,102.16 1 0
github.com/f4ah6o/direct-go-sdk/daab-go/webhook/types.go:103.9,104.30 1 0
github.com/f4ah6o/direct-go-sdk/daab-go/webhook/types.go:105.9,106.19 1 0
github.com/f4ah6o/direct-go-sdk/daab-go/webhook/types.go:107.9,108.23 1 0
github.com/f4ah6o/direct-go-sdk/daab-go/webhook/types.go:109.9,110.24 1 0
github.com/f4ah6o/direct-go-sdk/daab-go/webhook/types.go:111.10,112.24 1 0
github.com/f4ah6o/direct-go-sdk/daab-go/webhook/types.go:113.10,114.24 1 0
github.com/f4ah6o/direct-go-sdk/daab-go/webhook/types.go:115.10,116.26 1 0
github.com/f4ah6o/direct-go-sdk/daab-go/webhook/types.go:117.10,118.17 1 1
github.com/f4ah6o/direct-go-sdk/daab-go/webhook/types.go:119.10,120.23 1 0
github.com/f4ah6o/direct-go-sdk/daab-go/webhook/types.go:121.10,122.18 1 1
github.com/f4ah6o/direct-go-sdk/daab-go/webhook/types.go:123.10,124.24 1 0
github.com/f4ah6o/direct-go-sdk/daab-go/webhook/types.go:125.10,126.16 1 1
github.com/f4ah6o/direct-go-sdk/daab-go/webhook/types.go:127.10,128.21 1 0
github.com/f4ah6o/direct-go-sdk/daab-go/webhook/types.go:129.10,130.24 1 0
github.com/f4ah6o/direct-go-sdk/daab-go/webhook/types.go:131.10,132.25 1 0
github.com/f4ah6o/direct-go-sdk/daab-go/webhook/types.go:133.10,134.23 1 0
github.com/f4ah6o/direct-go-sdk/daab-go/webhook/types.go:135.10,136.19 1 1
github.com/f4ah6o/direct-go-sdk/daab-go/bot/bot.go:57.33,59.2 1 1
github.com/f4ah6o/direct-go-sdk/daab-go/bot/bot.go:62.35,64.2 1 1
github.com/f4ah6o/direct-go-sdk/daab-go/bot/bot.go:67.35,69.2 1 1
github.com/f4ah6o/direct-go-sdk/daab-go/bot/bot.go:72.43,74.2 1 1
github.com/f4ah6o/direct-go-sdk/daab-go/bot/bot.go:77.81,87.2 2 1
github.com/f4ah6o/direct-go-sdk/daab-go/bot/bot.go:90.44,92.2 1 1
github.com/f4ah6o/direct-go-sdk/daab-go/bot/bot.go:110.35,111.24 1 2
github.com/f4ah6o/direct-go-sdk/daab-go/bot/bot.go:111.24,113.3 1 2
github.com/f4ah6o/direct-go-sdk/daab-go/bot/bot.go:117.37,118.24 1 1
github.com/f4ah6o/direct-go-sdk/daab-go/bot/bot.go:118.24,120.3 1 1
github.com/f4ah6o/direct-go-sdk/daab-go/bot/bot.go:124.43,125.24 1 1
github.com/f4ah6o/direct-go-sdk/daab-go/bot/bot.go:125.24,127.3 1 1
github.com/f4ah6o/direct-go-sdk/daab-go/bot/bot.go:131.40,132.24 1 1
github.com/f4ah6o/direct-go-sdk/daab-go/bot/bot.go:132.24,134.3 1 1
github.com/f4ah6o/direct-go-sdk/daab-go/bot/bot.go:138.33,145.27 2 12
github.com/f4ah6o/direct-go-sdk/daab-go/bot/bot.go:145.27,147.3 1 5
github.com/f4ah6o/direct-go-sdk/daab-go/bot/bot.go:148.2,148.10 1 12
github.com/f4ah6o/direct-go-sdk/daab-go/bot/bot.go:152.53,154.2 1 2
github.com/f4ah6o/direct-go-sdk/daab-go/bot/bot.go:156.39,157.49 1 2
github.com/f4ah6o/direct-go-sdk/daab-go/bot/bot.go:157.49,159.3 1 2
github.com/f4ah6o/direct-go-sdk/daab-go/bot/bot.go:163.55,170.2 2 1
github.com/f4ah6o/direct-go-sdk/daab-go/bot/bot.go:173.58,180.2 2 1
github.com/f4ah6o/direct-go-sdk/daab-go/bot/bot.go:183.48,185.41 1 0
github.com/f4ah6o/direct-go-sdk/daab-go/bot/bot.go:185.41,187.3 1 0
github.com/f4ah6o/direct-go-sdk/daab-go/bot/bot.go:190.2,191.17 2 0
github.com/f4ah6o/direct-go-sdk/daab-go/bot/bot.go:191.17,193.3 1 0
github.com/f4ah6o/direct-go-sdk/daab-go/bot/bot.go:194.2,194.17 1 0
github.com/f4ah6o/direct-go-sdk/daab-go/bot/bot.go:194.17,196.3 1 0
github.com/f4ah6o/direct-go-sdk/daab-go/bot/bot.go:199.2,200.20 2 0
github.com/f4ah6o/direct-go-sdk/daab-go/bot/bot.go:200.20,202.3 1 0
github.com/f4ah6o/direct-go-sdk/daab-go/bot/bot.go:203.2,203.20 1 0
github.com/f4ah6o/direct-go-sdk/daab-go/bot/bot.go:203.20,205.3 1 0
github.com/f4ah6o/direct-go-sdk/daab-go/bot/bot.go:207.2,208.20 2 0
github.com/f4ah6o/direct-go-sdk/daab-go/bot/bot.go:208.20,210.3 1 0
github.com/f4ah6o/direct-go-sdk/daab-go/bot/bot.go:211.2,211.20 1 0
github.com/f4ah6o/direct-go-sdk/daab-go/bot/bot.go:211.20,213.3 1 0
github.com/f4ah6o/direct-go-sdk/daab-go/bot/bot.go:214.2,214.20 1 0
github.com/f4ah6o/direct-go-sdk/daab-go/bot/bot.go:214.20,216.3 1 0
github.com/f4ah6o/direct-go-sdk/daab-go/bot/bot.go:219.2,227.65 2 0
github.com/f4ah6o/direct-go-sdk/daab-go/bot/bot.go:227.65,230.3 2 0
github.com/f4ah6o/direct-go-sdk/daab-go/bot/bot.go:232.2,232.64 1 0
github.com/f4ah6o/direct-go-sdk/daab-go/bot/bot.go:232.64,235.3 2 0
github.com/f4ah6o/direct-go-sdk/daab-go/bot/bot.go:238.2,238.54 1 0
github.com/f4ah6o/direct-go-sdk/daab-go/bot/bot.go:238.54,240.3 1 0
github.com/f4ah6o/direct-go-sdk/daab-go/bot/bot.go:243.2,244.43 2 0
github.com/f4ah6o/direct-go-sdk/daab-go/bot/bot.go:244.43,246.3 1 0
github.com/f4ah6o/direct-go-sdk/daab-go/bot/bot.go:247.2,247.15 1 0
github.com/f4ah6o/direct-go-sdk/daab-go/bot/bot.go:247.15,250.3 2 0
github.com/f4ah6o/direct-go-sdk/daab-go/bot/bot.go:252.2,258.9 4 0
github.com/f4ah6o/direct-go-sdk/daab-go/bot/bot.go:259.20,260.68 1 0
github.com/f4ah6o/direct-go-sdk/daab-go/bot/bot.go:261.15,262.51 1 0
github.com/f4ah6o/direct-go-sdk/daab-go/bot/bot.go:263.23,264.51 1 0
github.com/f4ah6o/direct-go-sdk/daab-go/bot/bot.go:267.2,267.12 1 0
github.com/f4ah6o/direct-go-sdk/daab-go/bot/bot.go:271.80,272.39 1 2
github.com/f4ah6o/direct-go-sdk/daab-go/bot/bot.go:272.39,274.21 2 2
github.com/f4ah6o/direct-go-sdk/daab-go/bot/bot.go:274.21,282.4 3 2
github.com/f4ah6o/direct-go-sdk/daab-go/bot/bot.go:287.53,288.21 1 2
github.com/f4ah6o/direct-go-sdk/daab-go/bot/bot.go:288.21,290.3 1 1
github.com/f4ah6o/direct-go-sdk/daab-go/bot/bot.go:291.2,291.40 1 1
github.com/f4ah6o/direct-go-sdk/daab-go/bot/bot.go:295.80,296.21 1 2
github.com/f4ah6o/direct-go-sdk/daab-go/bot/bot.go:296.21,298.3 1 1
github.com/f4ah6o/direct-go-sdk/daab-go/bot/bot.go:299.2,299.38 1 1
github.com/f4ah6o/direct-go-sdk/daab-go/bot/bot.go:302.100,303.21 1 1
github.com/f4ah6o/direct-go-sdk/daab-go/bot/bot.go:303.21,305.3 1 0
github.com/f4ah6o/direct-go-sdk/daab-go/bot/bot.go:307.2,309.16 3 1
github.com/f4ah6o/direct-go-sdk/daab-go/bot/bot.go:309.16,311.3 1 0
github.com/f4ah6o/direct-go-sdk/daab-go/bot/bot.go:313.2,314.21 2 1
github.com/f4ah6o/direct-go-sdk/daab-go/bot/bot.go:314.21,316.3 1 0
github.com/f4ah6o/direct-go-sdk/daab-go/bot/bot.go:317.2,317.23 1 1
github.com/f4ah6o/direct-go-sdk/daab-go/bot/bot.go:320.49,321.62 1 4
github.com/f4ah6o/direct-go-sdk/daab-go/bot/bot.go:321.62,323.3 1 2
github.com/f4ah6o/direct-go-sdk/daab-go/bot/bot.go:324.2,324.15 1 2
github.com/f4ah6o/direct-go-sdk/daab-go/bot/bot.go:327.50,328.28 1 6
github.com/f4ah6o/direct-go-sdk/daab-go/bot/bot.go:329.30,330.36 1 3
github.com/f4ah6o/direct-go-sdk/daab-go/bot/bot.go:330.36,332.4 1 2
github.com/f4ah6o/direct-go-sdk/daab-go/bot/bot.go:333.3,333.28 1 1
github.com/f4ah6o/direct-go-sdk/daab-go/bot/bot.go:333.28,335.4 1 1
github.com/f4ah6o/direct-go-sdk/daab-go/bot/bot.go:336.14,337.11 1 1
github.com/f4ah6o/direct-go-sdk/daab-go/bot/bot.go:338.10,339.20 1 2
github.com/f4ah6o/direct-go-sdk/daab-go/bot/bot.go:339.20,341.4 1 1
github.com/f4ah6o/direct-go-sdk/daab-go/bot/bot.go:343.2,343.11 1 1
